<!DOCTYPE html>
<html>

<head>
	<meta charset='utf-8' /> 
	<meta name='description' content='' />
	<meta name='robots' content='noodp, noydir' />
	<meta name='viewport' content='width=device-width, initial-scale=1' />
	<meta id="timeStampFormat" name="timeStampFormat" content='MMM d, yyyy hh:mm:ss a'/>
	
	<link href='https://fonts.googleapis.com/css?family=Source+Sans+Pro:400,600' rel='stylesheet' type='text/css' />
	<link href="https://fonts.googleapis.com/icon?family=Material+Icons" rel="stylesheet" />
	<link href='https://cdn.rawgit.com/extent-framework/extent-github-cdn/39026ad/v3html/css/extent.css' type='text/css' rel='stylesheet' />
	
	<title>PHPTravels Test automation</title>

	<style type='text/css'>
		/* json-tree */
		.jstBracket,.jstComma,.jstValue{white-space:pre-wrap}.jstValue{font-size:10px;font-weight:400;font-family:"Lucida Console",Monaco,monospace}.jstProperty{color:#666;word-wrap:break-word}.jstBool{color:#2525CC}.jstNum{color:#D036D0}.jstNull{color:gray}.jstStr{color:#2DB669}.jstFold:after{content:' -';cursor:pointer}.jstExpand{white-space:normal}.jstExpand:after{content:' +';cursor:pointer}.jstFolded{white-space:normal!important}.jstHiddenBlock{display:none}
	</style>
	
	<script type="text/javascript">
		/*! json-tree - v0.2.2 - 2017-09-25, MIT LICENSE */
		var JSONTree=function(){var n={"&":"&amp;","<":"&lt;",">":"&gt;",'"':"&quot;","'":"&#x27;","/":"&#x2F;"},t=0,r=0;this.create=function(n,t){return r+=1,N(u(n,0,!1),{class:"jstValue"})};var e=function(t){return t.replace(/[&<>'"]/g,function(t){return n[t]})},s=function(){return r+"_"+t++},u=function(n,t,r){if(null===n)return f(r?t:0);switch(typeof n){case"boolean":return l(n,r?t:0);case"number":return i(n,r?t:0);case"string":return o(n,r?t:0);default:return n instanceof Array?a(n,t,r):c(n,t,r)}},c=function(n,t,r){var e=s(),u=Object.keys(n).map(function(r){return j(r,n[r],t+1,!0)}).join(m()),c=[g("{",r?t:0,e),N(u,{id:e}),p("}",t)].join("\n");return N(c,{})},a=function(n,t,r){var e=s(),c=n.map(function(n){return u(n,t+1,!0)}).join(m());return[g("[",r?t:0,e),N(c,{id:e}),p("]",t)].join("\n")},o=function(n,t){var r=e(JSON.stringify(n));return N(v(r,t),{class:"jstStr"})},i=function(n,t){return N(v(n,t),{class:"jstNum"})},l=function(n,t){return N(v(n,t),{class:"jstBool"})},f=function(n){return N(v("null",n),{class:"jstNull"})},j=function(n,t,r){var s=v(e(JSON.stringify(n))+": ",r),c=N(u(t,r,!1),{});return N(s+c,{class:"jstProperty"})},m=function(){return N(",\n",{class:"jstComma"})},N=function(n,t){return d("span",t,n)},d=function(n,t,r){return"<"+n+Object.keys(t).map(function(n){return" "+n+'="'+t[n]+'"'}).join("")+">"+r+"</"+n+">"},g=function(n,t,r){return N(v(n,t),{class:"jstBracket"})+N("",{class:"jstFold",onclick:"JSONTree.toggle('"+r+"')"})};this.toggle=function(n){var t=document.getElementById(n),r=t.parentNode,e=t.previousElementSibling;""===t.className?(t.className="jstHiddenBlock",r.className="jstFolded",e.className="jstExpand"):(t.className="",r.className="",e.className="jstFold")};var p=function(n,t){return N(v(n,t),{})},v=function(n,t){return Array(2*t+1).join(" ")+n};return this}();
	</script>
</head>
	<body class='extent standard default hide-overflow '>
		<div id='theme-selector' alt='Click to toggle theme. To enable by default, use theme configuration.' title='Click to toggle theme. To enable by default, use theme configuration.'>
			<span><i class='material-icons'>desktop_windows</i></span>
		</div>
<nav>
	<div class="nav-wrapper">
		<a href="#!" class="brand-logo black"><img src="https://cdn.rawgit.com/extent-framework/extent-github-cdn/d74480e/commons/img/logo.png"></a>
		<!-- slideout menu -->
		<ul id='slide-out' class='side-nav fixed hide-on-med-and-down'>
			<li class='waves-effect active'><a href='#!' view='test-view' onclick="configureView(0);chartsView('test');"><i class='material-icons'>dashboard</i></a></li>
						<li class='waves-effect'><a href='#!' view='exception-view' onclick="configureView(2)"><i class='material-icons'>bug_report</i></a></li>
			<li class='waves-effect'><a href='#!' onclick="configureView(-1);chartsView('dashboard');" view='dashboard-view'><i class='material-icons'>track_changes</i></a></li>
		</ul>
		<!-- report name -->
		<span class='report-name'>ExtentReports</span>
		<!-- report headline -->
		<span class='report-headline'></span>
		<!-- nav-right -->
		<ul id='nav-mobile' class='right hide-on-med-and-down nav-right'>
			<a href='#!'>
			<span class='label blue darken-3 suite-start-time'>Sep 15, 2021 06:19:58 PM</span>
			</a>
		</ul>
	</div>
</nav>		<!-- container -->
		<div class='container'>
<div id='test-view' class='view'>
	<section id='controls'>
		<div class='controls grey lighten-4'>
			<!-- test toggle -->
			<div class='chip transparent'>
				<a class='dropdown-button tests-toggle' data-activates='tests-toggle' data-constrainwidth='true' data-beloworigin='true' data-hover='true' href='#'>
				<i class='material-icons'>warning</i> Status
				</a>
				<ul id='tests-toggle' class='dropdown-content'>
										<li status='pass'><a href='#!'>Pass <i class='material-icons green-text'>check_circle</i></a></li>
					<li status='fail'><a href='#!'>Fail <i class='material-icons red-text'>cancel</i></a></li>
					<li class='divider'></li>
					<li status='clear' clear='true'><a href='#!'>Clear Filters <i class='material-icons'>clear</i></a></li>
				</ul>
			</div>
			<!-- test toggle -->
			<!-- category toggle -->
			<!-- category toggle -->
			<!-- clear filters -->
			<div class='chip transparent hide'>
				<a class='' id='clear-filters' alt='Clear Filters' title='Clear Filters'>
				<i class='material-icons'>close</i> Clear
				</a>
			</div>
			<!-- clear filters -->
			<!-- enable dashboard -->
			<div id='toggle-test-view-charts' class='chip transparent'>
				<a class='pink-text' id='enable-dashboard' alt='Enable Dashboard' title='Enable Dashboard'>
				<i class='material-icons'>track_changes</i> Dashboard
				</a>
			</div>
			<!-- enable dashboard -->
			<!-- search -->
			<div class='chip transparent' alt='Search Tests' title='Search Tests'>
				<a href="#" class='search-div'>
				<i class='material-icons'>search</i> Search
				</a>
				<div class='input-field left hide'>
					<input id='search-tests' type='text' class='validate browser-default' placeholder='Search Tests...'>
				</div>
			</div>
			<!-- search -->
		</div>
	</section>
<div id='test-view-charts' class='subview-full'>
    <div id='charts-row' class='row nm-v nm-h'>
        <div class='col s12 m12 l12 np-h'>
            <div class='card-panel nm-v'>
                <div class='left panel-name'>Tests</div>
                <div class='chart-box' style="max-height:94px;">
                    <canvas id='parent-analysis' width='90' height='70'></canvas>
                </div>
                <div class='block text-small'>
                    <span class='tooltipped' data-position='top' data-tooltip='28.571%'><span class='strong'>4</span> test(s) passed</span>
                </div>
                <div class='block text-small'>
                    <span class='strong tooltipped' data-position='top' data-tooltip='71.429%'>10</span> test(s) failed, <span class='strong tooltipped' data-position='top' data-tooltip='0%'>0</span> others
                </div>
            </div>
        </div>
    </div>
    <div id="timeline-chart" class="row nm-v nm-h">
        <div class="col s12 m12 l12 np-h">
            <div class="card-panel">
                <div class='left panel-name'>Timeline (seconds)</div>
                <div class="chart-box" style="width:98%;max-height:145px;">
                    <canvas id="timeline" height="120"></canvas>
                </div>
            </div>
        </div>
    </div>
</div>	<div class='subview-left left'>
		<div class='view-summary'>
			<ul id='test-collection' class='test-collection'>
				<li class='test displayed active  fail' status='fail' bdd='false' test-id='1'>
					<div class='test-heading'>
						<span class='test-name'>signUp</span>
						<span class='test-time'>Sep 15, 2021 06:20:15 PM</span>
						<span class='test-status right fail'>fail</span>
					</div>
					<div class='test-content hide'>
<div class='test-time-info'>
	<span class='label start-time'>Sep 15, 2021 06:20:15 PM</span>
	<span class='label end-time'>Sep 15, 2021 06:20:15 PM</span>
	<span class='label time-taken grey lighten-1 white-text'>0h 0m 0s+0ms</span>
</div>
<div class='test-steps'>
	<table class='bordered table-results'>
		<thead>
			<tr>
				<th>Status</th>
				<th>Timestamp</th>
				<th>Details</th>
			</tr>
		</thead>
		<tbody>
			<tr class='log' status='fail'>
				<td class='status fail' title='fail' alt='fail'><i class='material-icons'>cancel</i></td>
				<td class='timestamp'>6:20:15 PM</td>
				<td class='step-details'>
						<span class='badge white-text red'>signUp</span>
					
				</td>
			</tr>
			<tr class='log' status='fail'>
				<td class='status fail' title='fail' alt='fail'><i class='material-icons'>cancel</i></td>
				<td class='timestamp'>6:20:15 PM</td>
				<td class='step-details'>
						Test Failed
					
				</td>
			</tr>
			<tr class='log' status='fail'>
				<td class='status fail' title='fail' alt='fail'><i class='material-icons'>cancel</i></td>
				<td class='timestamp'>6:20:15 PM</td>
				<td class='step-details'>
						<textarea disabled class="code-block">java.lang.NullPointerException: Cannot invoke "org.openqa.selenium.JavascriptExecutor.executeScript(String, Object[])" because "this.js" is null
	at com.qa.testscripts.TC_SignUp_01.signUp(TC_SignUp_01.java:31)
	at java.base/jdk.internal.reflect.NativeMethodAccessorImpl.invoke0(Native Method)
	at java.base/jdk.internal.reflect.NativeMethodAccessorImpl.invoke(NativeMethodAccessorImpl.java:62)
	at java.base/jdk.internal.reflect.DelegatingMethodAccessorImpl.invoke(DelegatingMethodAccessorImpl.java:43)
	at java.base/java.lang.reflect.Method.invoke(Method.java:564)
	at org.testng.internal.MethodInvocationHelper.invokeMethod(MethodInvocationHelper.java:133)
	at org.testng.internal.TestInvoker.invokeMethod(TestInvoker.java:598)
	at org.testng.internal.TestInvoker.invokeTestMethod(TestInvoker.java:173)
	at org.testng.internal.MethodRunner.runInSequence(MethodRunner.java:46)
	at org.testng.internal.TestInvoker$MethodInvocationAgent.invoke(TestInvoker.java:824)
	at org.testng.internal.TestInvoker.invokeTestMethods(TestInvoker.java:146)
	at org.testng.internal.TestMethodWorker.invokeTestMethods(TestMethodWorker.java:146)
	at org.testng.internal.TestMethodWorker.run(TestMethodWorker.java:128)
	at java.base/java.util.ArrayList.forEach(ArrayList.java:1510)
	at org.testng.TestRunner.privateRun(TestRunner.java:794)
	at org.testng.TestRunner.run(TestRunner.java:596)
	at org.testng.SuiteRunner.runTest(SuiteRunner.java:377)
	at org.testng.SuiteRunner.runSequentially(SuiteRunner.java:371)
	at org.testng.SuiteRunner.privateRun(SuiteRunner.java:332)
	at org.testng.SuiteRunner.run(SuiteRunner.java:276)
	at org.testng.SuiteRunnerWorker.runSuite(SuiteRunnerWorker.java:53)
	at org.testng.SuiteRunnerWorker.run(SuiteRunnerWorker.java:96)
	at org.testng.TestNG.runSuitesSequentially(TestNG.java:1212)
	at org.testng.TestNG.runSuitesLocally(TestNG.java:1134)
	at org.testng.TestNG.runSuites(TestNG.java:1063)
	at org.testng.TestNG.run(TestNG.java:1031)
	at org.testng.remote.AbstractRemoteTestNG.run(AbstractRemoteTestNG.java:115)
	at org.testng.remote.RemoteTestNG.initAndRun(RemoteTestNG.java:251)
	at org.testng.remote.RemoteTestNG.main(RemoteTestNG.java:77)
</textarea>
					
				</td>
			</tr>
		</tbody>
	</table>
</div>
					</div>
				</li>
				<li class='test displayed active  fail' status='fail' bdd='false' test-id='2'>
					<div class='test-heading'>
						<span class='test-name'>signUp</span>
						<span class='test-time'>Sep 15, 2021 06:20:17 PM</span>
						<span class='test-status right fail'>fail</span>
					</div>
					<div class='test-content hide'>
<div class='test-time-info'>
	<span class='label start-time'>Sep 15, 2021 06:20:17 PM</span>
	<span class='label end-time'>Sep 15, 2021 06:20:17 PM</span>
	<span class='label time-taken grey lighten-1 white-text'>0h 0m 0s+0ms</span>
</div>
<div class='test-steps'>
	<table class='bordered table-results'>
		<thead>
			<tr>
				<th>Status</th>
				<th>Timestamp</th>
				<th>Details</th>
			</tr>
		</thead>
		<tbody>
			<tr class='log' status='fail'>
				<td class='status fail' title='fail' alt='fail'><i class='material-icons'>cancel</i></td>
				<td class='timestamp'>6:20:17 PM</td>
				<td class='step-details'>
						<span class='badge white-text red'>signUp</span>
					
				</td>
			</tr>
			<tr class='log' status='fail'>
				<td class='status fail' title='fail' alt='fail'><i class='material-icons'>cancel</i></td>
				<td class='timestamp'>6:20:17 PM</td>
				<td class='step-details'>
						Test Failed
					
				</td>
			</tr>
			<tr class='log' status='fail'>
				<td class='status fail' title='fail' alt='fail'><i class='material-icons'>cancel</i></td>
				<td class='timestamp'>6:20:17 PM</td>
				<td class='step-details'>
						<textarea disabled class="code-block">java.lang.NullPointerException: Cannot invoke "org.openqa.selenium.JavascriptExecutor.executeScript(String, Object[])" because "this.js" is null
	at com.qa.testscripts.TC_SignUp_01.signUp(TC_SignUp_01.java:31)
	at java.base/jdk.internal.reflect.NativeMethodAccessorImpl.invoke0(Native Method)
	at java.base/jdk.internal.reflect.NativeMethodAccessorImpl.invoke(NativeMethodAccessorImpl.java:62)
	at java.base/jdk.internal.reflect.DelegatingMethodAccessorImpl.invoke(DelegatingMethodAccessorImpl.java:43)
	at java.base/java.lang.reflect.Method.invoke(Method.java:564)
	at org.testng.internal.MethodInvocationHelper.invokeMethod(MethodInvocationHelper.java:133)
	at org.testng.internal.TestInvoker.invokeMethod(TestInvoker.java:598)
	at org.testng.internal.TestInvoker.invokeTestMethod(TestInvoker.java:173)
	at org.testng.internal.MethodRunner.runInSequence(MethodRunner.java:46)
	at org.testng.internal.TestInvoker$MethodInvocationAgent.invoke(TestInvoker.java:824)
	at org.testng.internal.TestInvoker.invokeTestMethods(TestInvoker.java:146)
	at org.testng.internal.TestMethodWorker.invokeTestMethods(TestMethodWorker.java:146)
	at org.testng.internal.TestMethodWorker.run(TestMethodWorker.java:128)
	at java.base/java.util.ArrayList.forEach(ArrayList.java:1510)
	at org.testng.TestRunner.privateRun(TestRunner.java:794)
	at org.testng.TestRunner.run(TestRunner.java:596)
	at org.testng.SuiteRunner.runTest(SuiteRunner.java:377)
	at org.testng.SuiteRunner.runSequentially(SuiteRunner.java:371)
	at org.testng.SuiteRunner.privateRun(SuiteRunner.java:332)
	at org.testng.SuiteRunner.run(SuiteRunner.java:276)
	at org.testng.SuiteRunnerWorker.runSuite(SuiteRunnerWorker.java:53)
	at org.testng.SuiteRunnerWorker.run(SuiteRunnerWorker.java:96)
	at org.testng.TestNG.runSuitesSequentially(TestNG.java:1212)
	at org.testng.TestNG.runSuitesLocally(TestNG.java:1134)
	at org.testng.TestNG.runSuites(TestNG.java:1063)
	at org.testng.TestNG.run(TestNG.java:1031)
	at org.testng.remote.AbstractRemoteTestNG.run(AbstractRemoteTestNG.java:115)
	at org.testng.remote.RemoteTestNG.initAndRun(RemoteTestNG.java:251)
	at org.testng.remote.RemoteTestNG.main(RemoteTestNG.java:77)
</textarea>
					
				</td>
			</tr>
		</tbody>
	</table>
</div>
					</div>
				</li>
				<li class='test displayed active  fail' status='fail' bdd='false' test-id='3'>
					<div class='test-heading'>
						<span class='test-name'>signUp</span>
						<span class='test-time'>Sep 15, 2021 06:20:18 PM</span>
						<span class='test-status right fail'>fail</span>
					</div>
					<div class='test-content hide'>
<div class='test-time-info'>
	<span class='label start-time'>Sep 15, 2021 06:20:18 PM</span>
	<span class='label end-time'>Sep 15, 2021 06:20:18 PM</span>
	<span class='label time-taken grey lighten-1 white-text'>0h 0m 0s+0ms</span>
</div>
<div class='test-steps'>
	<table class='bordered table-results'>
		<thead>
			<tr>
				<th>Status</th>
				<th>Timestamp</th>
				<th>Details</th>
			</tr>
		</thead>
		<tbody>
			<tr class='log' status='fail'>
				<td class='status fail' title='fail' alt='fail'><i class='material-icons'>cancel</i></td>
				<td class='timestamp'>6:20:18 PM</td>
				<td class='step-details'>
						<span class='badge white-text red'>signUp</span>
					
				</td>
			</tr>
			<tr class='log' status='fail'>
				<td class='status fail' title='fail' alt='fail'><i class='material-icons'>cancel</i></td>
				<td class='timestamp'>6:20:18 PM</td>
				<td class='step-details'>
						Test Failed
					
				</td>
			</tr>
			<tr class='log' status='fail'>
				<td class='status fail' title='fail' alt='fail'><i class='material-icons'>cancel</i></td>
				<td class='timestamp'>6:20:18 PM</td>
				<td class='step-details'>
						<textarea disabled class="code-block">java.lang.NullPointerException: Cannot invoke "org.openqa.selenium.JavascriptExecutor.executeScript(String, Object[])" because "this.js" is null
	at com.qa.testscripts.TC_SignUp_01.signUp(TC_SignUp_01.java:31)
	at java.base/jdk.internal.reflect.NativeMethodAccessorImpl.invoke0(Native Method)
	at java.base/jdk.internal.reflect.NativeMethodAccessorImpl.invoke(NativeMethodAccessorImpl.java:62)
	at java.base/jdk.internal.reflect.DelegatingMethodAccessorImpl.invoke(DelegatingMethodAccessorImpl.java:43)
	at java.base/java.lang.reflect.Method.invoke(Method.java:564)
	at org.testng.internal.MethodInvocationHelper.invokeMethod(MethodInvocationHelper.java:133)
	at org.testng.internal.TestInvoker.invokeMethod(TestInvoker.java:598)
	at org.testng.internal.TestInvoker.invokeTestMethod(TestInvoker.java:173)
	at org.testng.internal.MethodRunner.runInSequence(MethodRunner.java:46)
	at org.testng.internal.TestInvoker$MethodInvocationAgent.invoke(TestInvoker.java:824)
	at org.testng.internal.TestInvoker.invokeTestMethods(TestInvoker.java:146)
	at org.testng.internal.TestMethodWorker.invokeTestMethods(TestMethodWorker.java:146)
	at org.testng.internal.TestMethodWorker.run(TestMethodWorker.java:128)
	at java.base/java.util.ArrayList.forEach(ArrayList.java:1510)
	at org.testng.TestRunner.privateRun(TestRunner.java:794)
	at org.testng.TestRunner.run(TestRunner.java:596)
	at org.testng.SuiteRunner.runTest(SuiteRunner.java:377)
	at org.testng.SuiteRunner.runSequentially(SuiteRunner.java:371)
	at org.testng.SuiteRunner.privateRun(SuiteRunner.java:332)
	at org.testng.SuiteRunner.run(SuiteRunner.java:276)
	at org.testng.SuiteRunnerWorker.runSuite(SuiteRunnerWorker.java:53)
	at org.testng.SuiteRunnerWorker.run(SuiteRunnerWorker.java:96)
	at org.testng.TestNG.runSuitesSequentially(TestNG.java:1212)
	at org.testng.TestNG.runSuitesLocally(TestNG.java:1134)
	at org.testng.TestNG.runSuites(TestNG.java:1063)
	at org.testng.TestNG.run(TestNG.java:1031)
	at org.testng.remote.AbstractRemoteTestNG.run(AbstractRemoteTestNG.java:115)
	at org.testng.remote.RemoteTestNG.initAndRun(RemoteTestNG.java:251)
	at org.testng.remote.RemoteTestNG.main(RemoteTestNG.java:77)
</textarea>
					
				</td>
			</tr>
		</tbody>
	</table>
</div>
					</div>
				</li>
				<li class='test displayed active  fail' status='fail' bdd='false' test-id='4'>
					<div class='test-heading'>
						<span class='test-name'>login</span>
						<span class='test-time'>Sep 15, 2021 06:20:28 PM</span>
						<span class='test-status right fail'>fail</span>
					</div>
					<div class='test-content hide'>
<div class='test-time-info'>
	<span class='label start-time'>Sep 15, 2021 06:20:28 PM</span>
	<span class='label end-time'>Sep 15, 2021 06:20:28 PM</span>
	<span class='label time-taken grey lighten-1 white-text'>0h 0m 0s+0ms</span>
</div>
<div class='test-steps'>
	<table class='bordered table-results'>
		<thead>
			<tr>
				<th>Status</th>
				<th>Timestamp</th>
				<th>Details</th>
			</tr>
		</thead>
		<tbody>
			<tr class='log' status='fail'>
				<td class='status fail' title='fail' alt='fail'><i class='material-icons'>cancel</i></td>
				<td class='timestamp'>6:20:28 PM</td>
				<td class='step-details'>
						<span class='badge white-text red'>login</span>
					
				</td>
			</tr>
			<tr class='log' status='fail'>
				<td class='status fail' title='fail' alt='fail'><i class='material-icons'>cancel</i></td>
				<td class='timestamp'>6:20:28 PM</td>
				<td class='step-details'>
						Test Failed
					
				</td>
			</tr>
			<tr class='log' status='fail'>
				<td class='status fail' title='fail' alt='fail'><i class='material-icons'>cancel</i></td>
				<td class='timestamp'>6:20:28 PM</td>
				<td class='step-details'>
						<textarea disabled class="code-block">org.testng.internal.reflect.MethodMatcherException: 
[public void com.qa.testscripts.TC_LoginAndLogout_01.login(java.lang.String,java.lang.String) throws java.lang.InterruptedException,java.io.IOException] has no parameters defined but was found to be using a data provider (either explicitly specified or inherited from class level annotation).
Data provider mismatch
Method: login([Parameter{index=0, type=java.lang.String, declaredAnnotations=[]}, Parameter{index=1, type=java.lang.String, declaredAnnotations=[]}])
Arguments: [(java.lang.String) Monish,(java.lang.String) R,(java.lang.String) 9999999999,(java.lang.String) 1@1.com,(java.lang.String) 123,(java.lang.String) Customer]
	at org.testng.internal.reflect.DataProviderMethodMatcher.getConformingArguments(DataProviderMethodMatcher.java:43)
	at org.testng.internal.Parameters.injectParameters(Parameters.java:914)
	at org.testng.internal.MethodRunner.runInSequence(MethodRunner.java:34)
	at org.testng.internal.TestInvoker$MethodInvocationAgent.invoke(TestInvoker.java:824)
	at org.testng.internal.TestInvoker.invokeTestMethods(TestInvoker.java:146)
	at org.testng.internal.TestMethodWorker.invokeTestMethods(TestMethodWorker.java:146)
	at org.testng.internal.TestMethodWorker.run(TestMethodWorker.java:128)
	at java.base/java.util.ArrayList.forEach(ArrayList.java:1510)
	at org.testng.TestRunner.privateRun(TestRunner.java:794)
	at org.testng.TestRunner.run(TestRunner.java:596)
	at org.testng.SuiteRunner.runTest(SuiteRunner.java:377)
	at org.testng.SuiteRunner.runSequentially(SuiteRunner.java:371)
	at org.testng.SuiteRunner.privateRun(SuiteRunner.java:332)
	at org.testng.SuiteRunner.run(SuiteRunner.java:276)
	at org.testng.SuiteRunnerWorker.runSuite(SuiteRunnerWorker.java:53)
	at org.testng.SuiteRunnerWorker.run(SuiteRunnerWorker.java:96)
	at org.testng.TestNG.runSuitesSequentially(TestNG.java:1212)
	at org.testng.TestNG.runSuitesLocally(TestNG.java:1134)
	at org.testng.TestNG.runSuites(TestNG.java:1063)
	at org.testng.TestNG.run(TestNG.java:1031)
	at org.testng.remote.AbstractRemoteTestNG.run(AbstractRemoteTestNG.java:115)
	at org.testng.remote.RemoteTestNG.initAndRun(RemoteTestNG.java:251)
	at org.testng.remote.RemoteTestNG.main(RemoteTestNG.java:77)
</textarea>
					
				</td>
			</tr>
		</tbody>
	</table>
</div>
					</div>
				</li>
				<li class='test displayed active  pass' status='pass' bdd='false' test-id='5'>
					<div class='test-heading'>
						<span class='test-name'>HotelBooking</span>
						<span class='test-time'>Sep 15, 2021 06:21:02 PM</span>
						<span class='test-status right pass'>pass</span>
					</div>
					<div class='test-content hide'>
<div class='test-time-info'>
	<span class='label start-time'>Sep 15, 2021 06:21:02 PM</span>
	<span class='label end-time'>Sep 15, 2021 06:21:02 PM</span>
	<span class='label time-taken grey lighten-1 white-text'>0h 0m 0s+0ms</span>
</div>
<div class='test-steps'>
	<table class='bordered table-results'>
		<thead>
			<tr>
				<th>Status</th>
				<th>Timestamp</th>
				<th>Details</th>
			</tr>
		</thead>
		<tbody>
			<tr class='log' status='pass'>
				<td class='status pass' title='pass' alt='pass'><i class='material-icons'>check_circle</i></td>
				<td class='timestamp'>6:21:02 PM</td>
				<td class='step-details'>
						<span class='badge white-text green'>HotelBooking</span>
					
				</td>
			</tr>
			<tr class='log' status='pass'>
				<td class='status pass' title='pass' alt='pass'><i class='material-icons'>check_circle</i></td>
				<td class='timestamp'>6:21:02 PM</td>
				<td class='step-details'>
						Test Passed
					
				</td>
			</tr>
		</tbody>
	</table>
</div>
					</div>
				</li>
				<li class='test displayed active  fail' status='fail' bdd='false' test-id='6'>
					<div class='test-heading'>
						<span class='test-name'>searchFlights</span>
						<span class='test-time'>Sep 15, 2021 06:21:31 PM</span>
						<span class='test-status right fail'>fail</span>
					</div>
					<div class='test-content hide'>
<div class='test-time-info'>
	<span class='label start-time'>Sep 15, 2021 06:21:31 PM</span>
	<span class='label end-time'>Sep 15, 2021 06:21:31 PM</span>
	<span class='label time-taken grey lighten-1 white-text'>0h 0m 0s+0ms</span>
</div>
<div class='test-steps'>
	<table class='bordered table-results'>
		<thead>
			<tr>
				<th>Status</th>
				<th>Timestamp</th>
				<th>Details</th>
			</tr>
		</thead>
		<tbody>
			<tr class='log' status='fail'>
				<td class='status fail' title='fail' alt='fail'><i class='material-icons'>cancel</i></td>
				<td class='timestamp'>6:21:31 PM</td>
				<td class='step-details'>
						<span class='badge white-text red'>searchFlights</span>
					
				</td>
			</tr>
			<tr class='log' status='fail'>
				<td class='status fail' title='fail' alt='fail'><i class='material-icons'>cancel</i></td>
				<td class='timestamp'>6:21:31 PM</td>
				<td class='step-details'>
						Test Failed
					
				</td>
			</tr>
			<tr class='log' status='fail'>
				<td class='status fail' title='fail' alt='fail'><i class='material-icons'>cancel</i></td>
				<td class='timestamp'>6:21:31 PM</td>
				<td class='step-details'>
						<textarea disabled class="code-block">org.openqa.selenium.NoSuchElementException: no such element: Unable to locate element: {"method":"css selector","selector":"#flights\-search"}
  (Session info: chrome=93.0.4577.82)
For documentation on this error, please visit: https://www.seleniumhq.org/exceptions/no_such_element.html
Build info: version: '3.141.59', revision: 'e82be7d358', time: '2018-11-14T08:17:03'
System info: host: 'RAJA', ip: '192.168.36.109', os.name: 'Windows 10', os.arch: 'amd64', os.version: '10.0', java.version: '14.0.1'
Driver info: org.openqa.selenium.chrome.ChromeDriver
Capabilities {acceptInsecureCerts: false, browserName: chrome, browserVersion: 93.0.4577.82, chrome: {chromedriverVersion: 93.0.4577.63 (ff5c0da2ec0ad..., userDataDir: C:\Users\rajar\AppData\Loca...}, goog:chromeOptions: {debuggerAddress: localhost:1448}, javascriptEnabled: true, networkConnectionEnabled: false, pageLoadStrategy: normal, platform: WINDOWS, platformName: WINDOWS, proxy: Proxy(), setWindowRect: true, strictFileInteractability: false, timeouts: {implicit: 0, pageLoad: 300000, script: 30000}, unhandledPromptBehavior: dismiss and notify, webauthn:extension:credBlob: true, webauthn:extension:largeBlob: true, webauthn:virtualAuthenticators: true}
Session ID: 105fb9c08120d0c246231106296594c1
*** Element info: {Using=id, value=flights-search}
	at java.base/jdk.internal.reflect.NativeConstructorAccessorImpl.newInstance0(Native Method)
	at java.base/jdk.internal.reflect.NativeConstructorAccessorImpl.newInstance(NativeConstructorAccessorImpl.java:62)
	at java.base/jdk.internal.reflect.DelegatingConstructorAccessorImpl.newInstance(DelegatingConstructorAccessorImpl.java:45)
	at java.base/java.lang.reflect.Constructor.newInstanceWithCaller(Constructor.java:500)
	at java.base/java.lang.reflect.Constructor.newInstance(Constructor.java:481)
	at org.openqa.selenium.remote.http.W3CHttpResponseCodec.createException(W3CHttpResponseCodec.java:187)
	at org.openqa.selenium.remote.http.W3CHttpResponseCodec.decode(W3CHttpResponseCodec.java:122)
	at org.openqa.selenium.remote.http.W3CHttpResponseCodec.decode(W3CHttpResponseCodec.java:49)
	at org.openqa.selenium.remote.HttpCommandExecutor.execute(HttpCommandExecutor.java:158)
	at org.openqa.selenium.remote.service.DriverCommandExecutor.execute(DriverCommandExecutor.java:83)
	at org.openqa.selenium.remote.RemoteWebDriver.execute(RemoteWebDriver.java:552)
	at org.openqa.selenium.remote.RemoteWebDriver.findElement(RemoteWebDriver.java:323)
	at org.openqa.selenium.remote.RemoteWebDriver.findElementById(RemoteWebDriver.java:372)
	at org.openqa.selenium.By$ById.findElement(By.java:188)
	at org.openqa.selenium.remote.RemoteWebDriver.findElement(RemoteWebDriver.java:315)
	at org.openqa.selenium.support.pagefactory.DefaultElementLocator.findElement(DefaultElementLocator.java:69)
	at org.openqa.selenium.support.pagefactory.internal.LocatingElementHandler.invoke(LocatingElementHandler.java:38)
	at com.sun.proxy.$Proxy14.click(Unknown Source)
	at com.qa.testscripts.TC_Flight_01.searchFlights(TC_Flight_01.java:51)
	at java.base/jdk.internal.reflect.NativeMethodAccessorImpl.invoke0(Native Method)
	at java.base/jdk.internal.reflect.NativeMethodAccessorImpl.invoke(NativeMethodAccessorImpl.java:62)
	at java.base/jdk.internal.reflect.DelegatingMethodAccessorImpl.invoke(DelegatingMethodAccessorImpl.java:43)
	at java.base/java.lang.reflect.Method.invoke(Method.java:564)
	at org.testng.internal.MethodInvocationHelper.invokeMethod(MethodInvocationHelper.java:133)
	at org.testng.internal.TestInvoker.invokeMethod(TestInvoker.java:598)
	at org.testng.internal.TestInvoker.invokeTestMethod(TestInvoker.java:173)
	at org.testng.internal.MethodRunner.runInSequence(MethodRunner.java:46)
	at org.testng.internal.TestInvoker$MethodInvocationAgent.invoke(TestInvoker.java:824)
	at org.testng.internal.TestInvoker.invokeTestMethods(TestInvoker.java:146)
	at org.testng.internal.TestMethodWorker.invokeTestMethods(TestMethodWorker.java:146)
	at org.testng.internal.TestMethodWorker.run(TestMethodWorker.java:128)
	at java.base/java.util.ArrayList.forEach(ArrayList.java:1510)
	at org.testng.TestRunner.privateRun(TestRunner.java:794)
	at org.testng.TestRunner.run(TestRunner.java:596)
	at org.testng.SuiteRunner.runTest(SuiteRunner.java:377)
	at org.testng.SuiteRunner.runSequentially(SuiteRunner.java:371)
	at org.testng.SuiteRunner.privateRun(SuiteRunner.java:332)
	at org.testng.SuiteRunner.run(SuiteRunner.java:276)
	at org.testng.SuiteRunnerWorker.runSuite(SuiteRunnerWorker.java:53)
	at org.testng.SuiteRunnerWorker.run(SuiteRunnerWorker.java:96)
	at org.testng.TestNG.runSuitesSequentially(TestNG.java:1212)
	at org.testng.TestNG.runSuitesLocally(TestNG.java:1134)
	at org.testng.TestNG.runSuites(TestNG.java:1063)
	at org.testng.TestNG.run(TestNG.java:1031)
	at org.testng.remote.AbstractRemoteTestNG.run(AbstractRemoteTestNG.java:115)
	at org.testng.remote.RemoteTestNG.initAndRun(RemoteTestNG.java:251)
	at org.testng.remote.RemoteTestNG.main(RemoteTestNG.java:77)
</textarea>
					
				</td>
			</tr>
		</tbody>
	</table>
</div>
					</div>
				</li>
				<li class='test displayed active  fail' status='fail' bdd='false' test-id='7'>
					<div class='test-heading'>
						<span class='test-name'>searchFlights</span>
						<span class='test-time'>Sep 15, 2021 06:21:58 PM</span>
						<span class='test-status right fail'>fail</span>
					</div>
					<div class='test-content hide'>
<div class='test-time-info'>
	<span class='label start-time'>Sep 15, 2021 06:21:58 PM</span>
	<span class='label end-time'>Sep 15, 2021 06:21:58 PM</span>
	<span class='label time-taken grey lighten-1 white-text'>0h 0m 0s+0ms</span>
</div>
<div class='test-steps'>
	<table class='bordered table-results'>
		<thead>
			<tr>
				<th>Status</th>
				<th>Timestamp</th>
				<th>Details</th>
			</tr>
		</thead>
		<tbody>
			<tr class='log' status='fail'>
				<td class='status fail' title='fail' alt='fail'><i class='material-icons'>cancel</i></td>
				<td class='timestamp'>6:21:58 PM</td>
				<td class='step-details'>
						<span class='badge white-text red'>searchFlights</span>
					
				</td>
			</tr>
			<tr class='log' status='fail'>
				<td class='status fail' title='fail' alt='fail'><i class='material-icons'>cancel</i></td>
				<td class='timestamp'>6:21:58 PM</td>
				<td class='step-details'>
						Test Failed
					
				</td>
			</tr>
			<tr class='log' status='fail'>
				<td class='status fail' title='fail' alt='fail'><i class='material-icons'>cancel</i></td>
				<td class='timestamp'>6:21:58 PM</td>
				<td class='step-details'>
						<textarea disabled class="code-block">org.openqa.selenium.UnhandledAlertException: unexpected alert open: {Alert text : Please fill out origin}
  (Session info: chrome=93.0.4577.82): Please fill out origin
Build info: version: '3.141.59', revision: 'e82be7d358', time: '2018-11-14T08:17:03'
System info: host: 'RAJA', ip: '192.168.36.109', os.name: 'Windows 10', os.arch: 'amd64', os.version: '10.0', java.version: '14.0.1'
Driver info: org.openqa.selenium.chrome.ChromeDriver
Capabilities {acceptInsecureCerts: false, browserName: chrome, browserVersion: 93.0.4577.82, chrome: {chromedriverVersion: 93.0.4577.63 (ff5c0da2ec0ad..., userDataDir: C:\Users\rajar\AppData\Loca...}, goog:chromeOptions: {debuggerAddress: localhost:1448}, javascriptEnabled: true, networkConnectionEnabled: false, pageLoadStrategy: normal, platform: WINDOWS, platformName: WINDOWS, proxy: Proxy(), setWindowRect: true, strictFileInteractability: false, timeouts: {implicit: 0, pageLoad: 300000, script: 30000}, unhandledPromptBehavior: dismiss and notify, webauthn:extension:credBlob: true, webauthn:extension:largeBlob: true, webauthn:virtualAuthenticators: true}
Session ID: 105fb9c08120d0c246231106296594c1
*** Element info: {Using=class name, value=catalog-panel}
	at org.openqa.selenium.remote.http.W3CHttpResponseCodec.decode(W3CHttpResponseCodec.java:120)
	at org.openqa.selenium.remote.http.W3CHttpResponseCodec.decode(W3CHttpResponseCodec.java:49)
	at org.openqa.selenium.remote.HttpCommandExecutor.execute(HttpCommandExecutor.java:158)
	at org.openqa.selenium.remote.service.DriverCommandExecutor.execute(DriverCommandExecutor.java:83)
	at org.openqa.selenium.remote.RemoteWebDriver.execute(RemoteWebDriver.java:552)
	at org.openqa.selenium.remote.RemoteWebDriver.findElement(RemoteWebDriver.java:323)
	at org.openqa.selenium.remote.RemoteWebDriver.findElementByClassName(RemoteWebDriver.java:412)
	at org.openqa.selenium.By$ByClassName.findElement(By.java:389)
	at org.openqa.selenium.remote.RemoteWebDriver.findElement(RemoteWebDriver.java:315)
	at org.openqa.selenium.support.pagefactory.DefaultElementLocator.findElement(DefaultElementLocator.java:69)
	at org.openqa.selenium.support.pagefactory.internal.LocatingElementHandler.invoke(LocatingElementHandler.java:38)
	at com.sun.proxy.$Proxy14.isDisplayed(Unknown Source)
	at com.qa.pages.FlightPage.isCatalogPanelPresenet(FlightPage.java:222)
	at com.qa.testscripts.TC_Flight_01.searchFlights(TC_Flight_01.java:53)
	at java.base/jdk.internal.reflect.NativeMethodAccessorImpl.invoke0(Native Method)
	at java.base/jdk.internal.reflect.NativeMethodAccessorImpl.invoke(NativeMethodAccessorImpl.java:62)
	at java.base/jdk.internal.reflect.DelegatingMethodAccessorImpl.invoke(DelegatingMethodAccessorImpl.java:43)
	at java.base/java.lang.reflect.Method.invoke(Method.java:564)
	at org.testng.internal.MethodInvocationHelper.invokeMethod(MethodInvocationHelper.java:133)
	at org.testng.internal.TestInvoker.invokeMethod(TestInvoker.java:598)
	at org.testng.internal.TestInvoker.invokeTestMethod(TestInvoker.java:173)
	at org.testng.internal.MethodRunner.runInSequence(MethodRunner.java:46)
	at org.testng.internal.TestInvoker$MethodInvocationAgent.invoke(TestInvoker.java:824)
	at org.testng.internal.TestInvoker.invokeTestMethods(TestInvoker.java:146)
	at org.testng.internal.TestMethodWorker.invokeTestMethods(TestMethodWorker.java:146)
	at org.testng.internal.TestMethodWorker.run(TestMethodWorker.java:128)
	at java.base/java.util.ArrayList.forEach(ArrayList.java:1510)
	at org.testng.TestRunner.privateRun(TestRunner.java:794)
	at org.testng.TestRunner.run(TestRunner.java:596)
	at org.testng.SuiteRunner.runTest(SuiteRunner.java:377)
	at org.testng.SuiteRunner.runSequentially(SuiteRunner.java:371)
	at org.testng.SuiteRunner.privateRun(SuiteRunner.java:332)
	at org.testng.SuiteRunner.run(SuiteRunner.java:276)
	at org.testng.SuiteRunnerWorker.runSuite(SuiteRunnerWorker.java:53)
	at org.testng.SuiteRunnerWorker.run(SuiteRunnerWorker.java:96)
	at org.testng.TestNG.runSuitesSequentially(TestNG.java:1212)
	at org.testng.TestNG.runSuitesLocally(TestNG.java:1134)
	at org.testng.TestNG.runSuites(TestNG.java:1063)
	at org.testng.TestNG.run(TestNG.java:1031)
	at org.testng.remote.AbstractRemoteTestNG.run(AbstractRemoteTestNG.java:115)
	at org.testng.remote.RemoteTestNG.initAndRun(RemoteTestNG.java:251)
	at org.testng.remote.RemoteTestNG.main(RemoteTestNG.java:77)
</textarea>
					
				</td>
			</tr>
		</tbody>
	</table>
</div>
					</div>
				</li>
				<li class='test displayed active  fail' status='fail' bdd='false' test-id='8'>
					<div class='test-heading'>
						<span class='test-name'>searchFlights</span>
						<span class='test-time'>Sep 15, 2021 06:22:11 PM</span>
						<span class='test-status right fail'>fail</span>
					</div>
					<div class='test-content hide'>
<div class='test-time-info'>
	<span class='label start-time'>Sep 15, 2021 06:22:11 PM</span>
	<span class='label end-time'>Sep 15, 2021 06:22:11 PM</span>
	<span class='label time-taken grey lighten-1 white-text'>0h 0m 0s+0ms</span>
</div>
<div class='test-steps'>
	<table class='bordered table-results'>
		<thead>
			<tr>
				<th>Status</th>
				<th>Timestamp</th>
				<th>Details</th>
			</tr>
		</thead>
		<tbody>
			<tr class='log' status='fail'>
				<td class='status fail' title='fail' alt='fail'><i class='material-icons'>cancel</i></td>
				<td class='timestamp'>6:22:11 PM</td>
				<td class='step-details'>
						<span class='badge white-text red'>searchFlights</span>
					
				</td>
			</tr>
			<tr class='log' status='fail'>
				<td class='status fail' title='fail' alt='fail'><i class='material-icons'>cancel</i></td>
				<td class='timestamp'>6:22:11 PM</td>
				<td class='step-details'>
						Test Failed
					
				</td>
			</tr>
			<tr class='log' status='fail'>
				<td class='status fail' title='fail' alt='fail'><i class='material-icons'>cancel</i></td>
				<td class='timestamp'>6:22:11 PM</td>
				<td class='step-details'>
						<textarea disabled class="code-block">org.openqa.selenium.UnhandledAlertException: unexpected alert open: {Alert text : Please fill out origin}
  (Session info: chrome=93.0.4577.82): Please fill out origin
Build info: version: '3.141.59', revision: 'e82be7d358', time: '2018-11-14T08:17:03'
System info: host: 'RAJA', ip: '192.168.36.109', os.name: 'Windows 10', os.arch: 'amd64', os.version: '10.0', java.version: '14.0.1'
Driver info: org.openqa.selenium.chrome.ChromeDriver
Capabilities {acceptInsecureCerts: false, browserName: chrome, browserVersion: 93.0.4577.82, chrome: {chromedriverVersion: 93.0.4577.63 (ff5c0da2ec0ad..., userDataDir: C:\Users\rajar\AppData\Loca...}, goog:chromeOptions: {debuggerAddress: localhost:1448}, javascriptEnabled: true, networkConnectionEnabled: false, pageLoadStrategy: normal, platform: WINDOWS, platformName: WINDOWS, proxy: Proxy(), setWindowRect: true, strictFileInteractability: false, timeouts: {implicit: 0, pageLoad: 300000, script: 30000}, unhandledPromptBehavior: dismiss and notify, webauthn:extension:credBlob: true, webauthn:extension:largeBlob: true, webauthn:virtualAuthenticators: true}
Session ID: 105fb9c08120d0c246231106296594c1
*** Element info: {Using=class name, value=catalog-panel}
	at org.openqa.selenium.remote.http.W3CHttpResponseCodec.decode(W3CHttpResponseCodec.java:120)
	at org.openqa.selenium.remote.http.W3CHttpResponseCodec.decode(W3CHttpResponseCodec.java:49)
	at org.openqa.selenium.remote.HttpCommandExecutor.execute(HttpCommandExecutor.java:158)
	at org.openqa.selenium.remote.service.DriverCommandExecutor.execute(DriverCommandExecutor.java:83)
	at org.openqa.selenium.remote.RemoteWebDriver.execute(RemoteWebDriver.java:552)
	at org.openqa.selenium.remote.RemoteWebDriver.findElement(RemoteWebDriver.java:323)
	at org.openqa.selenium.remote.RemoteWebDriver.findElementByClassName(RemoteWebDriver.java:412)
	at org.openqa.selenium.By$ByClassName.findElement(By.java:389)
	at org.openqa.selenium.remote.RemoteWebDriver.findElement(RemoteWebDriver.java:315)
	at org.openqa.selenium.support.pagefactory.DefaultElementLocator.findElement(DefaultElementLocator.java:69)
	at org.openqa.selenium.support.pagefactory.internal.LocatingElementHandler.invoke(LocatingElementHandler.java:38)
	at com.sun.proxy.$Proxy14.isDisplayed(Unknown Source)
	at com.qa.pages.FlightPage.isCatalogPanelPresenet(FlightPage.java:222)
	at com.qa.testscripts.TC_Flight_01.searchFlights(TC_Flight_01.java:53)
	at java.base/jdk.internal.reflect.NativeMethodAccessorImpl.invoke0(Native Method)
	at java.base/jdk.internal.reflect.NativeMethodAccessorImpl.invoke(NativeMethodAccessorImpl.java:62)
	at java.base/jdk.internal.reflect.DelegatingMethodAccessorImpl.invoke(DelegatingMethodAccessorImpl.java:43)
	at java.base/java.lang.reflect.Method.invoke(Method.java:564)
	at org.testng.internal.MethodInvocationHelper.invokeMethod(MethodInvocationHelper.java:133)
	at org.testng.internal.TestInvoker.invokeMethod(TestInvoker.java:598)
	at org.testng.internal.TestInvoker.invokeTestMethod(TestInvoker.java:173)
	at org.testng.internal.MethodRunner.runInSequence(MethodRunner.java:46)
	at org.testng.internal.TestInvoker$MethodInvocationAgent.invoke(TestInvoker.java:824)
	at org.testng.internal.TestInvoker.invokeTestMethods(TestInvoker.java:146)
	at org.testng.internal.TestMethodWorker.invokeTestMethods(TestMethodWorker.java:146)
	at org.testng.internal.TestMethodWorker.run(TestMethodWorker.java:128)
	at java.base/java.util.ArrayList.forEach(ArrayList.java:1510)
	at org.testng.TestRunner.privateRun(TestRunner.java:794)
	at org.testng.TestRunner.run(TestRunner.java:596)
	at org.testng.SuiteRunner.runTest(SuiteRunner.java:377)
	at org.testng.SuiteRunner.runSequentially(SuiteRunner.java:371)
	at org.testng.SuiteRunner.privateRun(SuiteRunner.java:332)
	at org.testng.SuiteRunner.run(SuiteRunner.java:276)
	at org.testng.SuiteRunnerWorker.runSuite(SuiteRunnerWorker.java:53)
	at org.testng.SuiteRunnerWorker.run(SuiteRunnerWorker.java:96)
	at org.testng.TestNG.runSuitesSequentially(TestNG.java:1212)
	at org.testng.TestNG.runSuitesLocally(TestNG.java:1134)
	at org.testng.TestNG.runSuites(TestNG.java:1063)
	at org.testng.TestNG.run(TestNG.java:1031)
	at org.testng.remote.AbstractRemoteTestNG.run(AbstractRemoteTestNG.java:115)
	at org.testng.remote.RemoteTestNG.initAndRun(RemoteTestNG.java:251)
	at org.testng.remote.RemoteTestNG.main(RemoteTestNG.java:77)
</textarea>
					
				</td>
			</tr>
		</tbody>
	</table>
</div>
					</div>
				</li>
				<li class='test displayed active  fail' status='fail' bdd='false' test-id='9'>
					<div class='test-heading'>
						<span class='test-name'>tours</span>
						<span class='test-time'>Sep 15, 2021 06:22:24 PM</span>
						<span class='test-status right fail'>fail</span>
					</div>
					<div class='test-content hide'>
<div class='test-time-info'>
	<span class='label start-time'>Sep 15, 2021 06:22:24 PM</span>
	<span class='label end-time'>Sep 15, 2021 06:22:24 PM</span>
	<span class='label time-taken grey lighten-1 white-text'>0h 0m 0s+1ms</span>
</div>
<div class='test-steps'>
	<table class='bordered table-results'>
		<thead>
			<tr>
				<th>Status</th>
				<th>Timestamp</th>
				<th>Details</th>
			</tr>
		</thead>
		<tbody>
			<tr class='log' status='fail'>
				<td class='status fail' title='fail' alt='fail'><i class='material-icons'>cancel</i></td>
				<td class='timestamp'>6:22:24 PM</td>
				<td class='step-details'>
						<span class='badge white-text red'>tours</span>
					
				</td>
			</tr>
			<tr class='log' status='fail'>
				<td class='status fail' title='fail' alt='fail'><i class='material-icons'>cancel</i></td>
				<td class='timestamp'>6:22:24 PM</td>
				<td class='step-details'>
						Test Failed
					
				</td>
			</tr>
			<tr class='log' status='fail'>
				<td class='status fail' title='fail' alt='fail'><i class='material-icons'>cancel</i></td>
				<td class='timestamp'>6:22:24 PM</td>
				<td class='step-details'>
						<textarea disabled class="code-block">org.testng.internal.reflect.MethodMatcherException: 
[public void com.qa.testscripts.TC_Tours_01.tours(java.lang.String,java.lang.String,java.lang.String,java.lang.String) throws java.lang.InterruptedException,java.io.IOException] has no parameters defined but was found to be using a data provider (either explicitly specified or inherited from class level annotation).
Data provider mismatch
Method: tours([Parameter{index=0, type=java.lang.String, declaredAnnotations=[]}, Parameter{index=1, type=java.lang.String, declaredAnnotations=[]}, Parameter{index=2, type=java.lang.String, declaredAnnotations=[]}, Parameter{index=3, type=java.lang.String, declaredAnnotations=[]}])
Arguments: [(java.lang.String) Hyd,(java.lang.String) 2,(java.lang.String) 3,(java.lang.String) 1,(java.lang.String) test1@gmail.com]
	at org.testng.internal.reflect.DataProviderMethodMatcher.getConformingArguments(DataProviderMethodMatcher.java:43)
	at org.testng.internal.Parameters.injectParameters(Parameters.java:914)
	at org.testng.internal.MethodRunner.runInSequence(MethodRunner.java:34)
	at org.testng.internal.TestInvoker$MethodInvocationAgent.invoke(TestInvoker.java:824)
	at org.testng.internal.TestInvoker.invokeTestMethods(TestInvoker.java:146)
	at org.testng.internal.TestMethodWorker.invokeTestMethods(TestMethodWorker.java:146)
	at org.testng.internal.TestMethodWorker.run(TestMethodWorker.java:128)
	at java.base/java.util.ArrayList.forEach(ArrayList.java:1510)
	at org.testng.TestRunner.privateRun(TestRunner.java:794)
	at org.testng.TestRunner.run(TestRunner.java:596)
	at org.testng.SuiteRunner.runTest(SuiteRunner.java:377)
	at org.testng.SuiteRunner.runSequentially(SuiteRunner.java:371)
	at org.testng.SuiteRunner.privateRun(SuiteRunner.java:332)
	at org.testng.SuiteRunner.run(SuiteRunner.java:276)
	at org.testng.SuiteRunnerWorker.runSuite(SuiteRunnerWorker.java:53)
	at org.testng.SuiteRunnerWorker.run(SuiteRunnerWorker.java:96)
	at org.testng.TestNG.runSuitesSequentially(TestNG.java:1212)
	at org.testng.TestNG.runSuitesLocally(TestNG.java:1134)
	at org.testng.TestNG.runSuites(TestNG.java:1063)
	at org.testng.TestNG.run(TestNG.java:1031)
	at org.testng.remote.AbstractRemoteTestNG.run(AbstractRemoteTestNG.java:115)
	at org.testng.remote.RemoteTestNG.initAndRun(RemoteTestNG.java:251)
	at org.testng.remote.RemoteTestNG.main(RemoteTestNG.java:77)
</textarea>
					
				</td>
			</tr>
		</tbody>
	</table>
</div>
					</div>
				</li>
				<li class='test displayed active  fail' status='fail' bdd='false' test-id='10'>
					<div class='test-heading'>
						<span class='test-name'>VisaTestCase</span>
						<span class='test-time'>Sep 15, 2021 06:22:38 PM</span>
						<span class='test-status right fail'>fail</span>
					</div>
					<div class='test-content hide'>
<div class='test-time-info'>
	<span class='label start-time'>Sep 15, 2021 06:22:38 PM</span>
	<span class='label end-time'>Sep 15, 2021 06:22:38 PM</span>
	<span class='label time-taken grey lighten-1 white-text'>0h 0m 0s+0ms</span>
</div>
<div class='test-steps'>
	<table class='bordered table-results'>
		<thead>
			<tr>
				<th>Status</th>
				<th>Timestamp</th>
				<th>Details</th>
			</tr>
		</thead>
		<tbody>
			<tr class='log' status='fail'>
				<td class='status fail' title='fail' alt='fail'><i class='material-icons'>cancel</i></td>
				<td class='timestamp'>6:22:38 PM</td>
				<td class='step-details'>
						<span class='badge white-text red'>VisaTestCase</span>
					
				</td>
			</tr>
			<tr class='log' status='fail'>
				<td class='status fail' title='fail' alt='fail'><i class='material-icons'>cancel</i></td>
				<td class='timestamp'>6:22:38 PM</td>
				<td class='step-details'>
						Test Failed
					
				</td>
			</tr>
			<tr class='log' status='fail'>
				<td class='status fail' title='fail' alt='fail'><i class='material-icons'>cancel</i></td>
				<td class='timestamp'>6:22:38 PM</td>
				<td class='step-details'>
						<textarea disabled class="code-block">java.lang.NullPointerException: Cannot invoke "org.openqa.selenium.support.ui.Select.selectByVisibleText(String)" because the return value of "com.qa.pages.VisaPage.getFromCountry()" is null
	at com.qa.testscripts.TC_Visa_01.VisaTestCase(TC_Visa_01.java:33)
	at java.base/jdk.internal.reflect.NativeMethodAccessorImpl.invoke0(Native Method)
	at java.base/jdk.internal.reflect.NativeMethodAccessorImpl.invoke(NativeMethodAccessorImpl.java:62)
	at java.base/jdk.internal.reflect.DelegatingMethodAccessorImpl.invoke(DelegatingMethodAccessorImpl.java:43)
	at java.base/java.lang.reflect.Method.invoke(Method.java:564)
	at org.testng.internal.MethodInvocationHelper.invokeMethod(MethodInvocationHelper.java:133)
	at org.testng.internal.TestInvoker.invokeMethod(TestInvoker.java:598)
	at org.testng.internal.TestInvoker.invokeTestMethod(TestInvoker.java:173)
	at org.testng.internal.MethodRunner.runInSequence(MethodRunner.java:46)
	at org.testng.internal.TestInvoker$MethodInvocationAgent.invoke(TestInvoker.java:824)
	at org.testng.internal.TestInvoker.invokeTestMethods(TestInvoker.java:146)
	at org.testng.internal.TestMethodWorker.invokeTestMethods(TestMethodWorker.java:146)
	at org.testng.internal.TestMethodWorker.run(TestMethodWorker.java:128)
	at java.base/java.util.ArrayList.forEach(ArrayList.java:1510)
	at org.testng.TestRunner.privateRun(TestRunner.java:794)
	at org.testng.TestRunner.run(TestRunner.java:596)
	at org.testng.SuiteRunner.runTest(SuiteRunner.java:377)
	at org.testng.SuiteRunner.runSequentially(SuiteRunner.java:371)
	at org.testng.SuiteRunner.privateRun(SuiteRunner.java:332)
	at org.testng.SuiteRunner.run(SuiteRunner.java:276)
	at org.testng.SuiteRunnerWorker.runSuite(SuiteRunnerWorker.java:53)
	at org.testng.SuiteRunnerWorker.run(SuiteRunnerWorker.java:96)
	at org.testng.TestNG.runSuitesSequentially(TestNG.java:1212)
	at org.testng.TestNG.runSuitesLocally(TestNG.java:1134)
	at org.testng.TestNG.runSuites(TestNG.java:1063)
	at org.testng.TestNG.run(TestNG.java:1031)
	at org.testng.remote.AbstractRemoteTestNG.run(AbstractRemoteTestNG.java:115)
	at org.testng.remote.RemoteTestNG.initAndRun(RemoteTestNG.java:251)
	at org.testng.remote.RemoteTestNG.main(RemoteTestNG.java:77)
</textarea>
					
				</td>
			</tr>
		</tbody>
	</table>
</div>
					</div>
				</li>
				<li class='test displayed active  fail' status='fail' bdd='false' test-id='11'>
					<div class='test-heading'>
						<span class='test-name'>VisaTestCase</span>
						<span class='test-time'>Sep 15, 2021 06:22:39 PM</span>
						<span class='test-status right fail'>fail</span>
					</div>
					<div class='test-content hide'>
<div class='test-time-info'>
	<span class='label start-time'>Sep 15, 2021 06:22:39 PM</span>
	<span class='label end-time'>Sep 15, 2021 06:22:39 PM</span>
	<span class='label time-taken grey lighten-1 white-text'>0h 0m 0s+0ms</span>
</div>
<div class='test-steps'>
	<table class='bordered table-results'>
		<thead>
			<tr>
				<th>Status</th>
				<th>Timestamp</th>
				<th>Details</th>
			</tr>
		</thead>
		<tbody>
			<tr class='log' status='fail'>
				<td class='status fail' title='fail' alt='fail'><i class='material-icons'>cancel</i></td>
				<td class='timestamp'>6:22:39 PM</td>
				<td class='step-details'>
						<span class='badge white-text red'>VisaTestCase</span>
					
				</td>
			</tr>
			<tr class='log' status='fail'>
				<td class='status fail' title='fail' alt='fail'><i class='material-icons'>cancel</i></td>
				<td class='timestamp'>6:22:39 PM</td>
				<td class='step-details'>
						Test Failed
					
				</td>
			</tr>
			<tr class='log' status='fail'>
				<td class='status fail' title='fail' alt='fail'><i class='material-icons'>cancel</i></td>
				<td class='timestamp'>6:22:39 PM</td>
				<td class='step-details'>
						<textarea disabled class="code-block">java.lang.NullPointerException: Cannot invoke "org.openqa.selenium.support.ui.Select.selectByVisibleText(String)" because the return value of "com.qa.pages.VisaPage.getFromCountry()" is null
	at com.qa.testscripts.TC_Visa_01.VisaTestCase(TC_Visa_01.java:33)
	at java.base/jdk.internal.reflect.NativeMethodAccessorImpl.invoke0(Native Method)
	at java.base/jdk.internal.reflect.NativeMethodAccessorImpl.invoke(NativeMethodAccessorImpl.java:62)
	at java.base/jdk.internal.reflect.DelegatingMethodAccessorImpl.invoke(DelegatingMethodAccessorImpl.java:43)
	at java.base/java.lang.reflect.Method.invoke(Method.java:564)
	at org.testng.internal.MethodInvocationHelper.invokeMethod(MethodInvocationHelper.java:133)
	at org.testng.internal.TestInvoker.invokeMethod(TestInvoker.java:598)
	at org.testng.internal.TestInvoker.invokeTestMethod(TestInvoker.java:173)
	at org.testng.internal.MethodRunner.runInSequence(MethodRunner.java:46)
	at org.testng.internal.TestInvoker$MethodInvocationAgent.invoke(TestInvoker.java:824)
	at org.testng.internal.TestInvoker.invokeTestMethods(TestInvoker.java:146)
	at org.testng.internal.TestMethodWorker.invokeTestMethods(TestMethodWorker.java:146)
	at org.testng.internal.TestMethodWorker.run(TestMethodWorker.java:128)
	at java.base/java.util.ArrayList.forEach(ArrayList.java:1510)
	at org.testng.TestRunner.privateRun(TestRunner.java:794)
	at org.testng.TestRunner.run(TestRunner.java:596)
	at org.testng.SuiteRunner.runTest(SuiteRunner.java:377)
	at org.testng.SuiteRunner.runSequentially(SuiteRunner.java:371)
	at org.testng.SuiteRunner.privateRun(SuiteRunner.java:332)
	at org.testng.SuiteRunner.run(SuiteRunner.java:276)
	at org.testng.SuiteRunnerWorker.runSuite(SuiteRunnerWorker.java:53)
	at org.testng.SuiteRunnerWorker.run(SuiteRunnerWorker.java:96)
	at org.testng.TestNG.runSuitesSequentially(TestNG.java:1212)
	at org.testng.TestNG.runSuitesLocally(TestNG.java:1134)
	at org.testng.TestNG.runSuites(TestNG.java:1063)
	at org.testng.TestNG.run(TestNG.java:1031)
	at org.testng.remote.AbstractRemoteTestNG.run(AbstractRemoteTestNG.java:115)
	at org.testng.remote.RemoteTestNG.initAndRun(RemoteTestNG.java:251)
	at org.testng.remote.RemoteTestNG.main(RemoteTestNG.java:77)
</textarea>
					
				</td>
			</tr>
		</tbody>
	</table>
</div>
					</div>
				</li>
				<li class='test displayed active  pass' status='pass' bdd='false' test-id='12'>
					<div class='test-heading'>
						<span class='test-name'>blogElement</span>
						<span class='test-time'>Sep 15, 2021 06:23:10 PM</span>
						<span class='test-status right pass'>pass</span>
					</div>
					<div class='test-content hide'>
<div class='test-time-info'>
	<span class='label start-time'>Sep 15, 2021 06:23:10 PM</span>
	<span class='label end-time'>Sep 15, 2021 06:23:10 PM</span>
	<span class='label time-taken grey lighten-1 white-text'>0h 0m 0s+0ms</span>
</div>
<div class='test-steps'>
	<table class='bordered table-results'>
		<thead>
			<tr>
				<th>Status</th>
				<th>Timestamp</th>
				<th>Details</th>
			</tr>
		</thead>
		<tbody>
			<tr class='log' status='pass'>
				<td class='status pass' title='pass' alt='pass'><i class='material-icons'>check_circle</i></td>
				<td class='timestamp'>6:23:10 PM</td>
				<td class='step-details'>
						<span class='badge white-text green'>blogElement</span>
					
				</td>
			</tr>
			<tr class='log' status='pass'>
				<td class='status pass' title='pass' alt='pass'><i class='material-icons'>check_circle</i></td>
				<td class='timestamp'>6:23:10 PM</td>
				<td class='step-details'>
						Test Passed
					
				</td>
			</tr>
		</tbody>
	</table>
</div>
					</div>
				</li>
				<li class='test displayed active  pass' status='pass' bdd='false' test-id='13'>
					<div class='test-heading'>
						<span class='test-name'>OfferElement</span>
						<span class='test-time'>Sep 15, 2021 06:23:44 PM</span>
						<span class='test-status right pass'>pass</span>
					</div>
					<div class='test-content hide'>
<div class='test-time-info'>
	<span class='label start-time'>Sep 15, 2021 06:23:44 PM</span>
	<span class='label end-time'>Sep 15, 2021 06:23:44 PM</span>
	<span class='label time-taken grey lighten-1 white-text'>0h 0m 0s+0ms</span>
</div>
<div class='test-steps'>
	<table class='bordered table-results'>
		<thead>
			<tr>
				<th>Status</th>
				<th>Timestamp</th>
				<th>Details</th>
			</tr>
		</thead>
		<tbody>
			<tr class='log' status='pass'>
				<td class='status pass' title='pass' alt='pass'><i class='material-icons'>check_circle</i></td>
				<td class='timestamp'>6:23:44 PM</td>
				<td class='step-details'>
						<span class='badge white-text green'>OfferElement</span>
					
				</td>
			</tr>
			<tr class='log' status='pass'>
				<td class='status pass' title='pass' alt='pass'><i class='material-icons'>check_circle</i></td>
				<td class='timestamp'>6:23:44 PM</td>
				<td class='step-details'>
						Test Passed
					
				</td>
			</tr>
		</tbody>
	</table>
</div>
					</div>
				</li>
				<li class='test displayed active  pass' status='pass' bdd='false' test-id='14'>
					<div class='test-heading'>
						<span class='test-name'>FooterElements</span>
						<span class='test-time'>Sep 15, 2021 06:24:06 PM</span>
						<span class='test-status right pass'>pass</span>
					</div>
					<div class='test-content hide'>
<div class='test-time-info'>
	<span class='label start-time'>Sep 15, 2021 06:24:06 PM</span>
	<span class='label end-time'>Sep 15, 2021 06:24:06 PM</span>
	<span class='label time-taken grey lighten-1 white-text'>0h 0m 0s+0ms</span>
</div>
<div class='test-steps'>
	<table class='bordered table-results'>
		<thead>
			<tr>
				<th>Status</th>
				<th>Timestamp</th>
				<th>Details</th>
			</tr>
		</thead>
		<tbody>
			<tr class='log' status='pass'>
				<td class='status pass' title='pass' alt='pass'><i class='material-icons'>check_circle</i></td>
				<td class='timestamp'>6:24:06 PM</td>
				<td class='step-details'>
						<span class='badge white-text green'>FooterElements</span>
					
				</td>
			</tr>
			<tr class='log' status='pass'>
				<td class='status pass' title='pass' alt='pass'><i class='material-icons'>check_circle</i></td>
				<td class='timestamp'>6:24:06 PM</td>
				<td class='step-details'>
						Test Passed
					
				</td>
			</tr>
		</tbody>
	</table>
</div>
					</div>
				</li>
			</ul>
		</div>
	</div>
	<!-- subview left -->
	<div class='subview-right left'>
		<div class='view-summary'>
			<div id='step-filters' class="right sr-filters">
				<a class="btn-floating waves-effect waves-light green" status="pass" alt="pass" title="pass"><i class="material-icons">check_circle</i></a>
				<a class="btn-floating waves-effect waves-light red" status="fail" alt="fail" title="fail"><i class="material-icons">cancel</i></a>
				<a class="btn-floating waves-effect waves-light red darken-4" status="fatal" alt="fatal" title="fatal"><i class="material-icons">cancel</i></a>
				<a class="btn-floating waves-effect waves-light pink text-lighten-1" status="error" alt="error" title="error"><i class="material-icons">error</i></a>
				<a class="btn-floating waves-effect waves-light orange" alt="warning" status="warning" title="warning"><i class="material-icons">warning</i></a>
				<a class="btn-floating waves-effect waves-light teal" status="skip" alt="skip" title="skip"><i class="material-icons">redo</i></a>
				<a class="btn-floating waves-effect waves-light grey" status="clear" alt="Clear filters" title="Clear filters"><i class="material-icons">clear</i></a>
			</div>
			<h5 class='test-name'></h5>
		</div>
	</div>
	<!-- subview right -->
</div>
<!-- test view --><!-- category view --><div id='exception-view' class='view hide'>
	<section id='controls'>
		<div class='controls grey lighten-4'>
			<!-- search -->
			<div class='chip transparent' alt='Search Tests' title='Search Tests'>
				<a href="#" class='search-div'>
				<i class='material-icons'>search</i> Search
				</a>
				<div class='input-field left hide'>
					<input id='search-tests' type='text' class='validate browser-default' placeholder='Search Tests...'>
				</div>
			</div>
			<!-- search -->
		</div>
	</section>
	<div class='subview-left left'>
		<div class='view-summary'>
			<ul id='exception-collection' class='exception-collection'>
				<li class='exception displayed active'>
					<div class='exception-heading'>
						<span class='exception-name'>java.lang.NullPointerException</span>
						<span class='exception-count right'><span class='label red lighten-1 white-text'>5</span></span>
					</div>
					<div class='exception-content hide'>
						<div class='exception-tests'>
							<table class='bordered table-results'>
								<thead>
									<tr>
										<th>Timestamp</th>
										<th>TestName</th>
										<th>Status</th>
									</tr>
								</thead>
								<tbody>
									<tr>
										<td>Sep 15, 2021 06:20:15 PM</td>
										<td class='linked' test-id='1'>signUp</td>
										<td>
											<textarea disabled class="code-block">java.lang.NullPointerException: Cannot invoke "org.openqa.selenium.JavascriptExecutor.executeScript(String, Object[])" because "this.js" is null
	at com.qa.testscripts.TC_SignUp_01.signUp(TC_SignUp_01.java:31)
	at java.base/jdk.internal.reflect.NativeMethodAccessorImpl.invoke0(Native Method)
	at java.base/jdk.internal.reflect.NativeMethodAccessorImpl.invoke(NativeMethodAccessorImpl.java:62)
	at java.base/jdk.internal.reflect.DelegatingMethodAccessorImpl.invoke(DelegatingMethodAccessorImpl.java:43)
	at java.base/java.lang.reflect.Method.invoke(Method.java:564)
	at org.testng.internal.MethodInvocationHelper.invokeMethod(MethodInvocationHelper.java:133)
	at org.testng.internal.TestInvoker.invokeMethod(TestInvoker.java:598)
	at org.testng.internal.TestInvoker.invokeTestMethod(TestInvoker.java:173)
	at org.testng.internal.MethodRunner.runInSequence(MethodRunner.java:46)
	at org.testng.internal.TestInvoker$MethodInvocationAgent.invoke(TestInvoker.java:824)
	at org.testng.internal.TestInvoker.invokeTestMethods(TestInvoker.java:146)
	at org.testng.internal.TestMethodWorker.invokeTestMethods(TestMethodWorker.java:146)
	at org.testng.internal.TestMethodWorker.run(TestMethodWorker.java:128)
	at java.base/java.util.ArrayList.forEach(ArrayList.java:1510)
	at org.testng.TestRunner.privateRun(TestRunner.java:794)
	at org.testng.TestRunner.run(TestRunner.java:596)
	at org.testng.SuiteRunner.runTest(SuiteRunner.java:377)
	at org.testng.SuiteRunner.runSequentially(SuiteRunner.java:371)
	at org.testng.SuiteRunner.privateRun(SuiteRunner.java:332)
	at org.testng.SuiteRunner.run(SuiteRunner.java:276)
	at org.testng.SuiteRunnerWorker.runSuite(SuiteRunnerWorker.java:53)
	at org.testng.SuiteRunnerWorker.run(SuiteRunnerWorker.java:96)
	at org.testng.TestNG.runSuitesSequentially(TestNG.java:1212)
	at org.testng.TestNG.runSuitesLocally(TestNG.java:1134)
	at org.testng.TestNG.runSuites(TestNG.java:1063)
	at org.testng.TestNG.run(TestNG.java:1031)
	at org.testng.remote.AbstractRemoteTestNG.run(AbstractRemoteTestNG.java:115)
	at org.testng.remote.RemoteTestNG.initAndRun(RemoteTestNG.java:251)
	at org.testng.remote.RemoteTestNG.main(RemoteTestNG.java:77)
</textarea>
										</td>
									</tr>
									<tr>
										<td>Sep 15, 2021 06:20:17 PM</td>
										<td class='linked' test-id='2'>signUp</td>
										<td>
											<textarea disabled class="code-block">java.lang.NullPointerException: Cannot invoke "org.openqa.selenium.JavascriptExecutor.executeScript(String, Object[])" because "this.js" is null
	at com.qa.testscripts.TC_SignUp_01.signUp(TC_SignUp_01.java:31)
	at java.base/jdk.internal.reflect.NativeMethodAccessorImpl.invoke0(Native Method)
	at java.base/jdk.internal.reflect.NativeMethodAccessorImpl.invoke(NativeMethodAccessorImpl.java:62)
	at java.base/jdk.internal.reflect.DelegatingMethodAccessorImpl.invoke(DelegatingMethodAccessorImpl.java:43)
	at java.base/java.lang.reflect.Method.invoke(Method.java:564)
	at org.testng.internal.MethodInvocationHelper.invokeMethod(MethodInvocationHelper.java:133)
	at org.testng.internal.TestInvoker.invokeMethod(TestInvoker.java:598)
	at org.testng.internal.TestInvoker.invokeTestMethod(TestInvoker.java:173)
	at org.testng.internal.MethodRunner.runInSequence(MethodRunner.java:46)
	at org.testng.internal.TestInvoker$MethodInvocationAgent.invoke(TestInvoker.java:824)
	at org.testng.internal.TestInvoker.invokeTestMethods(TestInvoker.java:146)
	at org.testng.internal.TestMethodWorker.invokeTestMethods(TestMethodWorker.java:146)
	at org.testng.internal.TestMethodWorker.run(TestMethodWorker.java:128)
	at java.base/java.util.ArrayList.forEach(ArrayList.java:1510)
	at org.testng.TestRunner.privateRun(TestRunner.java:794)
	at org.testng.TestRunner.run(TestRunner.java:596)
	at org.testng.SuiteRunner.runTest(SuiteRunner.java:377)
	at org.testng.SuiteRunner.runSequentially(SuiteRunner.java:371)
	at org.testng.SuiteRunner.privateRun(SuiteRunner.java:332)
	at org.testng.SuiteRunner.run(SuiteRunner.java:276)
	at org.testng.SuiteRunnerWorker.runSuite(SuiteRunnerWorker.java:53)
	at org.testng.SuiteRunnerWorker.run(SuiteRunnerWorker.java:96)
	at org.testng.TestNG.runSuitesSequentially(TestNG.java:1212)
	at org.testng.TestNG.runSuitesLocally(TestNG.java:1134)
	at org.testng.TestNG.runSuites(TestNG.java:1063)
	at org.testng.TestNG.run(TestNG.java:1031)
	at org.testng.remote.AbstractRemoteTestNG.run(AbstractRemoteTestNG.java:115)
	at org.testng.remote.RemoteTestNG.initAndRun(RemoteTestNG.java:251)
	at org.testng.remote.RemoteTestNG.main(RemoteTestNG.java:77)
</textarea>
										</td>
									</tr>
									<tr>
										<td>Sep 15, 2021 06:20:18 PM</td>
										<td class='linked' test-id='3'>signUp</td>
										<td>
											<textarea disabled class="code-block">java.lang.NullPointerException: Cannot invoke "org.openqa.selenium.JavascriptExecutor.executeScript(String, Object[])" because "this.js" is null
	at com.qa.testscripts.TC_SignUp_01.signUp(TC_SignUp_01.java:31)
	at java.base/jdk.internal.reflect.NativeMethodAccessorImpl.invoke0(Native Method)
	at java.base/jdk.internal.reflect.NativeMethodAccessorImpl.invoke(NativeMethodAccessorImpl.java:62)
	at java.base/jdk.internal.reflect.DelegatingMethodAccessorImpl.invoke(DelegatingMethodAccessorImpl.java:43)
	at java.base/java.lang.reflect.Method.invoke(Method.java:564)
	at org.testng.internal.MethodInvocationHelper.invokeMethod(MethodInvocationHelper.java:133)
	at org.testng.internal.TestInvoker.invokeMethod(TestInvoker.java:598)
	at org.testng.internal.TestInvoker.invokeTestMethod(TestInvoker.java:173)
	at org.testng.internal.MethodRunner.runInSequence(MethodRunner.java:46)
	at org.testng.internal.TestInvoker$MethodInvocationAgent.invoke(TestInvoker.java:824)
	at org.testng.internal.TestInvoker.invokeTestMethods(TestInvoker.java:146)
	at org.testng.internal.TestMethodWorker.invokeTestMethods(TestMethodWorker.java:146)
	at org.testng.internal.TestMethodWorker.run(TestMethodWorker.java:128)
	at java.base/java.util.ArrayList.forEach(ArrayList.java:1510)
	at org.testng.TestRunner.privateRun(TestRunner.java:794)
	at org.testng.TestRunner.run(TestRunner.java:596)
	at org.testng.SuiteRunner.runTest(SuiteRunner.java:377)
	at org.testng.SuiteRunner.runSequentially(SuiteRunner.java:371)
	at org.testng.SuiteRunner.privateRun(SuiteRunner.java:332)
	at org.testng.SuiteRunner.run(SuiteRunner.java:276)
	at org.testng.SuiteRunnerWorker.runSuite(SuiteRunnerWorker.java:53)
	at org.testng.SuiteRunnerWorker.run(SuiteRunnerWorker.java:96)
	at org.testng.TestNG.runSuitesSequentially(TestNG.java:1212)
	at org.testng.TestNG.runSuitesLocally(TestNG.java:1134)
	at org.testng.TestNG.runSuites(TestNG.java:1063)
	at org.testng.TestNG.run(TestNG.java:1031)
	at org.testng.remote.AbstractRemoteTestNG.run(AbstractRemoteTestNG.java:115)
	at org.testng.remote.RemoteTestNG.initAndRun(RemoteTestNG.java:251)
	at org.testng.remote.RemoteTestNG.main(RemoteTestNG.java:77)
</textarea>
										</td>
									</tr>
									<tr>
										<td>Sep 15, 2021 06:22:38 PM</td>
										<td class='linked' test-id='10'>VisaTestCase</td>
										<td>
											<textarea disabled class="code-block">java.lang.NullPointerException: Cannot invoke "org.openqa.selenium.support.ui.Select.selectByVisibleText(String)" because the return value of "com.qa.pages.VisaPage.getFromCountry()" is null
	at com.qa.testscripts.TC_Visa_01.VisaTestCase(TC_Visa_01.java:33)
	at java.base/jdk.internal.reflect.NativeMethodAccessorImpl.invoke0(Native Method)
	at java.base/jdk.internal.reflect.NativeMethodAccessorImpl.invoke(NativeMethodAccessorImpl.java:62)
	at java.base/jdk.internal.reflect.DelegatingMethodAccessorImpl.invoke(DelegatingMethodAccessorImpl.java:43)
	at java.base/java.lang.reflect.Method.invoke(Method.java:564)
	at org.testng.internal.MethodInvocationHelper.invokeMethod(MethodInvocationHelper.java:133)
	at org.testng.internal.TestInvoker.invokeMethod(TestInvoker.java:598)
	at org.testng.internal.TestInvoker.invokeTestMethod(TestInvoker.java:173)
	at org.testng.internal.MethodRunner.runInSequence(MethodRunner.java:46)
	at org.testng.internal.TestInvoker$MethodInvocationAgent.invoke(TestInvoker.java:824)
	at org.testng.internal.TestInvoker.invokeTestMethods(TestInvoker.java:146)
	at org.testng.internal.TestMethodWorker.invokeTestMethods(TestMethodWorker.java:146)
	at org.testng.internal.TestMethodWorker.run(TestMethodWorker.java:128)
	at java.base/java.util.ArrayList.forEach(ArrayList.java:1510)
	at org.testng.TestRunner.privateRun(TestRunner.java:794)
	at org.testng.TestRunner.run(TestRunner.java:596)
	at org.testng.SuiteRunner.runTest(SuiteRunner.java:377)
	at org.testng.SuiteRunner.runSequentially(SuiteRunner.java:371)
	at org.testng.SuiteRunner.privateRun(SuiteRunner.java:332)
	at org.testng.SuiteRunner.run(SuiteRunner.java:276)
	at org.testng.SuiteRunnerWorker.runSuite(SuiteRunnerWorker.java:53)
	at org.testng.SuiteRunnerWorker.run(SuiteRunnerWorker.java:96)
	at org.testng.TestNG.runSuitesSequentially(TestNG.java:1212)
	at org.testng.TestNG.runSuitesLocally(TestNG.java:1134)
	at org.testng.TestNG.runSuites(TestNG.java:1063)
	at org.testng.TestNG.run(TestNG.java:1031)
	at org.testng.remote.AbstractRemoteTestNG.run(AbstractRemoteTestNG.java:115)
	at org.testng.remote.RemoteTestNG.initAndRun(RemoteTestNG.java:251)
	at org.testng.remote.RemoteTestNG.main(RemoteTestNG.java:77)
</textarea>
										</td>
									</tr>
									<tr>
										<td>Sep 15, 2021 06:22:39 PM</td>
										<td class='linked' test-id='11'>VisaTestCase</td>
										<td>
											<textarea disabled class="code-block">java.lang.NullPointerException: Cannot invoke "org.openqa.selenium.support.ui.Select.selectByVisibleText(String)" because the return value of "com.qa.pages.VisaPage.getFromCountry()" is null
	at com.qa.testscripts.TC_Visa_01.VisaTestCase(TC_Visa_01.java:33)
	at java.base/jdk.internal.reflect.NativeMethodAccessorImpl.invoke0(Native Method)
	at java.base/jdk.internal.reflect.NativeMethodAccessorImpl.invoke(NativeMethodAccessorImpl.java:62)
	at java.base/jdk.internal.reflect.DelegatingMethodAccessorImpl.invoke(DelegatingMethodAccessorImpl.java:43)
	at java.base/java.lang.reflect.Method.invoke(Method.java:564)
	at org.testng.internal.MethodInvocationHelper.invokeMethod(MethodInvocationHelper.java:133)
	at org.testng.internal.TestInvoker.invokeMethod(TestInvoker.java:598)
	at org.testng.internal.TestInvoker.invokeTestMethod(TestInvoker.java:173)
	at org.testng.internal.MethodRunner.runInSequence(MethodRunner.java:46)
	at org.testng.internal.TestInvoker$MethodInvocationAgent.invoke(TestInvoker.java:824)
	at org.testng.internal.TestInvoker.invokeTestMethods(TestInvoker.java:146)
	at org.testng.internal.TestMethodWorker.invokeTestMethods(TestMethodWorker.java:146)
	at org.testng.internal.TestMethodWorker.run(TestMethodWorker.java:128)
	at java.base/java.util.ArrayList.forEach(ArrayList.java:1510)
	at org.testng.TestRunner.privateRun(TestRunner.java:794)
	at org.testng.TestRunner.run(TestRunner.java:596)
	at org.testng.SuiteRunner.runTest(SuiteRunner.java:377)
	at org.testng.SuiteRunner.runSequentially(SuiteRunner.java:371)
	at org.testng.SuiteRunner.privateRun(SuiteRunner.java:332)
	at org.testng.SuiteRunner.run(SuiteRunner.java:276)
	at org.testng.SuiteRunnerWorker.runSuite(SuiteRunnerWorker.java:53)
	at org.testng.SuiteRunnerWorker.run(SuiteRunnerWorker.java:96)
	at org.testng.TestNG.runSuitesSequentially(TestNG.java:1212)
	at org.testng.TestNG.runSuitesLocally(TestNG.java:1134)
	at org.testng.TestNG.runSuites(TestNG.java:1063)
	at org.testng.TestNG.run(TestNG.java:1031)
	at org.testng.remote.AbstractRemoteTestNG.run(AbstractRemoteTestNG.java:115)
	at org.testng.remote.RemoteTestNG.initAndRun(RemoteTestNG.java:251)
	at org.testng.remote.RemoteTestNG.main(RemoteTestNG.java:77)
</textarea>
										</td>
									</tr>
								</tbody>
							</table>
						</div>
					</div>
				</li>
				<li class='exception displayed active'>
					<div class='exception-heading'>
						<span class='exception-name'>org.testng.internal.reflect.MethodMatcherException</span>
						<span class='exception-count right'><span class='label red lighten-1 white-text'>2</span></span>
					</div>
					<div class='exception-content hide'>
						<div class='exception-tests'>
							<table class='bordered table-results'>
								<thead>
									<tr>
										<th>Timestamp</th>
										<th>TestName</th>
										<th>Status</th>
									</tr>
								</thead>
								<tbody>
									<tr>
										<td>Sep 15, 2021 06:20:28 PM</td>
										<td class='linked' test-id='4'>login</td>
										<td>
											<textarea disabled class="code-block">org.testng.internal.reflect.MethodMatcherException: 
[public void com.qa.testscripts.TC_LoginAndLogout_01.login(java.lang.String,java.lang.String) throws java.lang.InterruptedException,java.io.IOException] has no parameters defined but was found to be using a data provider (either explicitly specified or inherited from class level annotation).
Data provider mismatch
Method: login([Parameter{index=0, type=java.lang.String, declaredAnnotations=[]}, Parameter{index=1, type=java.lang.String, declaredAnnotations=[]}])
Arguments: [(java.lang.String) Monish,(java.lang.String) R,(java.lang.String) 9999999999,(java.lang.String) 1@1.com,(java.lang.String) 123,(java.lang.String) Customer]
	at org.testng.internal.reflect.DataProviderMethodMatcher.getConformingArguments(DataProviderMethodMatcher.java:43)
	at org.testng.internal.Parameters.injectParameters(Parameters.java:914)
	at org.testng.internal.MethodRunner.runInSequence(MethodRunner.java:34)
	at org.testng.internal.TestInvoker$MethodInvocationAgent.invoke(TestInvoker.java:824)
	at org.testng.internal.TestInvoker.invokeTestMethods(TestInvoker.java:146)
	at org.testng.internal.TestMethodWorker.invokeTestMethods(TestMethodWorker.java:146)
	at org.testng.internal.TestMethodWorker.run(TestMethodWorker.java:128)
	at java.base/java.util.ArrayList.forEach(ArrayList.java:1510)
	at org.testng.TestRunner.privateRun(TestRunner.java:794)
	at org.testng.TestRunner.run(TestRunner.java:596)
	at org.testng.SuiteRunner.runTest(SuiteRunner.java:377)
	at org.testng.SuiteRunner.runSequentially(SuiteRunner.java:371)
	at org.testng.SuiteRunner.privateRun(SuiteRunner.java:332)
	at org.testng.SuiteRunner.run(SuiteRunner.java:276)
	at org.testng.SuiteRunnerWorker.runSuite(SuiteRunnerWorker.java:53)
	at org.testng.SuiteRunnerWorker.run(SuiteRunnerWorker.java:96)
	at org.testng.TestNG.runSuitesSequentially(TestNG.java:1212)
	at org.testng.TestNG.runSuitesLocally(TestNG.java:1134)
	at org.testng.TestNG.runSuites(TestNG.java:1063)
	at org.testng.TestNG.run(TestNG.java:1031)
	at org.testng.remote.AbstractRemoteTestNG.run(AbstractRemoteTestNG.java:115)
	at org.testng.remote.RemoteTestNG.initAndRun(RemoteTestNG.java:251)
	at org.testng.remote.RemoteTestNG.main(RemoteTestNG.java:77)
</textarea>
										</td>
									</tr>
									<tr>
										<td>Sep 15, 2021 06:22:24 PM</td>
										<td class='linked' test-id='9'>tours</td>
										<td>
											<textarea disabled class="code-block">org.testng.internal.reflect.MethodMatcherException: 
[public void com.qa.testscripts.TC_Tours_01.tours(java.lang.String,java.lang.String,java.lang.String,java.lang.String) throws java.lang.InterruptedException,java.io.IOException] has no parameters defined but was found to be using a data provider (either explicitly specified or inherited from class level annotation).
Data provider mismatch
Method: tours([Parameter{index=0, type=java.lang.String, declaredAnnotations=[]}, Parameter{index=1, type=java.lang.String, declaredAnnotations=[]}, Parameter{index=2, type=java.lang.String, declaredAnnotations=[]}, Parameter{index=3, type=java.lang.String, declaredAnnotations=[]}])
Arguments: [(java.lang.String) Hyd,(java.lang.String) 2,(java.lang.String) 3,(java.lang.String) 1,(java.lang.String) test1@gmail.com]
	at org.testng.internal.reflect.DataProviderMethodMatcher.getConformingArguments(DataProviderMethodMatcher.java:43)
	at org.testng.internal.Parameters.injectParameters(Parameters.java:914)
	at org.testng.internal.MethodRunner.runInSequence(MethodRunner.java:34)
	at org.testng.internal.TestInvoker$MethodInvocationAgent.invoke(TestInvoker.java:824)
	at org.testng.internal.TestInvoker.invokeTestMethods(TestInvoker.java:146)
	at org.testng.internal.TestMethodWorker.invokeTestMethods(TestMethodWorker.java:146)
	at org.testng.internal.TestMethodWorker.run(TestMethodWorker.java:128)
	at java.base/java.util.ArrayList.forEach(ArrayList.java:1510)
	at org.testng.TestRunner.privateRun(TestRunner.java:794)
	at org.testng.TestRunner.run(TestRunner.java:596)
	at org.testng.SuiteRunner.runTest(SuiteRunner.java:377)
	at org.testng.SuiteRunner.runSequentially(SuiteRunner.java:371)
	at org.testng.SuiteRunner.privateRun(SuiteRunner.java:332)
	at org.testng.SuiteRunner.run(SuiteRunner.java:276)
	at org.testng.SuiteRunnerWorker.runSuite(SuiteRunnerWorker.java:53)
	at org.testng.SuiteRunnerWorker.run(SuiteRunnerWorker.java:96)
	at org.testng.TestNG.runSuitesSequentially(TestNG.java:1212)
	at org.testng.TestNG.runSuitesLocally(TestNG.java:1134)
	at org.testng.TestNG.runSuites(TestNG.java:1063)
	at org.testng.TestNG.run(TestNG.java:1031)
	at org.testng.remote.AbstractRemoteTestNG.run(AbstractRemoteTestNG.java:115)
	at org.testng.remote.RemoteTestNG.initAndRun(RemoteTestNG.java:251)
	at org.testng.remote.RemoteTestNG.main(RemoteTestNG.java:77)
</textarea>
										</td>
									</tr>
								</tbody>
							</table>
						</div>
					</div>
				</li>
				<li class='exception displayed active'>
					<div class='exception-heading'>
						<span class='exception-name'>org.openqa.selenium.NoSuchElementException</span>
						<span class='exception-count right'><span class='label red lighten-1 white-text'>1</span></span>
					</div>
					<div class='exception-content hide'>
						<div class='exception-tests'>
							<table class='bordered table-results'>
								<thead>
									<tr>
										<th>Timestamp</th>
										<th>TestName</th>
										<th>Status</th>
									</tr>
								</thead>
								<tbody>
									<tr>
										<td>Sep 15, 2021 06:21:31 PM</td>
										<td class='linked' test-id='6'>searchFlights</td>
										<td>
											<textarea disabled class="code-block">org.openqa.selenium.NoSuchElementException: no such element: Unable to locate element: {"method":"css selector","selector":"#flights\-search"}
  (Session info: chrome=93.0.4577.82)
For documentation on this error, please visit: https://www.seleniumhq.org/exceptions/no_such_element.html
Build info: version: '3.141.59', revision: 'e82be7d358', time: '2018-11-14T08:17:03'
System info: host: 'RAJA', ip: '192.168.36.109', os.name: 'Windows 10', os.arch: 'amd64', os.version: '10.0', java.version: '14.0.1'
Driver info: org.openqa.selenium.chrome.ChromeDriver
Capabilities {acceptInsecureCerts: false, browserName: chrome, browserVersion: 93.0.4577.82, chrome: {chromedriverVersion: 93.0.4577.63 (ff5c0da2ec0ad..., userDataDir: C:\Users\rajar\AppData\Loca...}, goog:chromeOptions: {debuggerAddress: localhost:1448}, javascriptEnabled: true, networkConnectionEnabled: false, pageLoadStrategy: normal, platform: WINDOWS, platformName: WINDOWS, proxy: Proxy(), setWindowRect: true, strictFileInteractability: false, timeouts: {implicit: 0, pageLoad: 300000, script: 30000}, unhandledPromptBehavior: dismiss and notify, webauthn:extension:credBlob: true, webauthn:extension:largeBlob: true, webauthn:virtualAuthenticators: true}
Session ID: 105fb9c08120d0c246231106296594c1
*** Element info: {Using=id, value=flights-search}
	at java.base/jdk.internal.reflect.NativeConstructorAccessorImpl.newInstance0(Native Method)
	at java.base/jdk.internal.reflect.NativeConstructorAccessorImpl.newInstance(NativeConstructorAccessorImpl.java:62)
	at java.base/jdk.internal.reflect.DelegatingConstructorAccessorImpl.newInstance(DelegatingConstructorAccessorImpl.java:45)
	at java.base/java.lang.reflect.Constructor.newInstanceWithCaller(Constructor.java:500)
	at java.base/java.lang.reflect.Constructor.newInstance(Constructor.java:481)
	at org.openqa.selenium.remote.http.W3CHttpResponseCodec.createException(W3CHttpResponseCodec.java:187)
	at org.openqa.selenium.remote.http.W3CHttpResponseCodec.decode(W3CHttpResponseCodec.java:122)
	at org.openqa.selenium.remote.http.W3CHttpResponseCodec.decode(W3CHttpResponseCodec.java:49)
	at org.openqa.selenium.remote.HttpCommandExecutor.execute(HttpCommandExecutor.java:158)
	at org.openqa.selenium.remote.service.DriverCommandExecutor.execute(DriverCommandExecutor.java:83)
	at org.openqa.selenium.remote.RemoteWebDriver.execute(RemoteWebDriver.java:552)
	at org.openqa.selenium.remote.RemoteWebDriver.findElement(RemoteWebDriver.java:323)
	at org.openqa.selenium.remote.RemoteWebDriver.findElementById(RemoteWebDriver.java:372)
	at org.openqa.selenium.By$ById.findElement(By.java:188)
	at org.openqa.selenium.remote.RemoteWebDriver.findElement(RemoteWebDriver.java:315)
	at org.openqa.selenium.support.pagefactory.DefaultElementLocator.findElement(DefaultElementLocator.java:69)
	at org.openqa.selenium.support.pagefactory.internal.LocatingElementHandler.invoke(LocatingElementHandler.java:38)
	at com.sun.proxy.$Proxy14.click(Unknown Source)
	at com.qa.testscripts.TC_Flight_01.searchFlights(TC_Flight_01.java:51)
	at java.base/jdk.internal.reflect.NativeMethodAccessorImpl.invoke0(Native Method)
	at java.base/jdk.internal.reflect.NativeMethodAccessorImpl.invoke(NativeMethodAccessorImpl.java:62)
	at java.base/jdk.internal.reflect.DelegatingMethodAccessorImpl.invoke(DelegatingMethodAccessorImpl.java:43)
	at java.base/java.lang.reflect.Method.invoke(Method.java:564)
	at org.testng.internal.MethodInvocationHelper.invokeMethod(MethodInvocationHelper.java:133)
	at org.testng.internal.TestInvoker.invokeMethod(TestInvoker.java:598)
	at org.testng.internal.TestInvoker.invokeTestMethod(TestInvoker.java:173)
	at org.testng.internal.MethodRunner.runInSequence(MethodRunner.java:46)
	at org.testng.internal.TestInvoker$MethodInvocationAgent.invoke(TestInvoker.java:824)
	at org.testng.internal.TestInvoker.invokeTestMethods(TestInvoker.java:146)
	at org.testng.internal.TestMethodWorker.invokeTestMethods(TestMethodWorker.java:146)
	at org.testng.internal.TestMethodWorker.run(TestMethodWorker.java:128)
	at java.base/java.util.ArrayList.forEach(ArrayList.java:1510)
	at org.testng.TestRunner.privateRun(TestRunner.java:794)
	at org.testng.TestRunner.run(TestRunner.java:596)
	at org.testng.SuiteRunner.runTest(SuiteRunner.java:377)
	at org.testng.SuiteRunner.runSequentially(SuiteRunner.java:371)
	at org.testng.SuiteRunner.privateRun(SuiteRunner.java:332)
	at org.testng.SuiteRunner.run(SuiteRunner.java:276)
	at org.testng.SuiteRunnerWorker.runSuite(SuiteRunnerWorker.java:53)
	at org.testng.SuiteRunnerWorker.run(SuiteRunnerWorker.java:96)
	at org.testng.TestNG.runSuitesSequentially(TestNG.java:1212)
	at org.testng.TestNG.runSuitesLocally(TestNG.java:1134)
	at org.testng.TestNG.runSuites(TestNG.java:1063)
	at org.testng.TestNG.run(TestNG.java:1031)
	at org.testng.remote.AbstractRemoteTestNG.run(AbstractRemoteTestNG.java:115)
	at org.testng.remote.RemoteTestNG.initAndRun(RemoteTestNG.java:251)
	at org.testng.remote.RemoteTestNG.main(RemoteTestNG.java:77)
</textarea>
										</td>
									</tr>
								</tbody>
							</table>
						</div>
					</div>
				</li>
				<li class='exception displayed active'>
					<div class='exception-heading'>
						<span class='exception-name'>org.openqa.selenium.UnhandledAlertException</span>
						<span class='exception-count right'><span class='label red lighten-1 white-text'>2</span></span>
					</div>
					<div class='exception-content hide'>
						<div class='exception-tests'>
							<table class='bordered table-results'>
								<thead>
									<tr>
										<th>Timestamp</th>
										<th>TestName</th>
										<th>Status</th>
									</tr>
								</thead>
								<tbody>
									<tr>
										<td>Sep 15, 2021 06:21:58 PM</td>
										<td class='linked' test-id='7'>searchFlights</td>
										<td>
											<textarea disabled class="code-block">org.openqa.selenium.UnhandledAlertException: unexpected alert open: {Alert text : Please fill out origin}
  (Session info: chrome=93.0.4577.82): Please fill out origin
Build info: version: '3.141.59', revision: 'e82be7d358', time: '2018-11-14T08:17:03'
System info: host: 'RAJA', ip: '192.168.36.109', os.name: 'Windows 10', os.arch: 'amd64', os.version: '10.0', java.version: '14.0.1'
Driver info: org.openqa.selenium.chrome.ChromeDriver
Capabilities {acceptInsecureCerts: false, browserName: chrome, browserVersion: 93.0.4577.82, chrome: {chromedriverVersion: 93.0.4577.63 (ff5c0da2ec0ad..., userDataDir: C:\Users\rajar\AppData\Loca...}, goog:chromeOptions: {debuggerAddress: localhost:1448}, javascriptEnabled: true, networkConnectionEnabled: false, pageLoadStrategy: normal, platform: WINDOWS, platformName: WINDOWS, proxy: Proxy(), setWindowRect: true, strictFileInteractability: false, timeouts: {implicit: 0, pageLoad: 300000, script: 30000}, unhandledPromptBehavior: dismiss and notify, webauthn:extension:credBlob: true, webauthn:extension:largeBlob: true, webauthn:virtualAuthenticators: true}
Session ID: 105fb9c08120d0c246231106296594c1
*** Element info: {Using=class name, value=catalog-panel}
	at org.openqa.selenium.remote.http.W3CHttpResponseCodec.decode(W3CHttpResponseCodec.java:120)
	at org.openqa.selenium.remote.http.W3CHttpResponseCodec.decode(W3CHttpResponseCodec.java:49)
	at org.openqa.selenium.remote.HttpCommandExecutor.execute(HttpCommandExecutor.java:158)
	at org.openqa.selenium.remote.service.DriverCommandExecutor.execute(DriverCommandExecutor.java:83)
	at org.openqa.selenium.remote.RemoteWebDriver.execute(RemoteWebDriver.java:552)
	at org.openqa.selenium.remote.RemoteWebDriver.findElement(RemoteWebDriver.java:323)
	at org.openqa.selenium.remote.RemoteWebDriver.findElementByClassName(RemoteWebDriver.java:412)
	at org.openqa.selenium.By$ByClassName.findElement(By.java:389)
	at org.openqa.selenium.remote.RemoteWebDriver.findElement(RemoteWebDriver.java:315)
	at org.openqa.selenium.support.pagefactory.DefaultElementLocator.findElement(DefaultElementLocator.java:69)
	at org.openqa.selenium.support.pagefactory.internal.LocatingElementHandler.invoke(LocatingElementHandler.java:38)
	at com.sun.proxy.$Proxy14.isDisplayed(Unknown Source)
	at com.qa.pages.FlightPage.isCatalogPanelPresenet(FlightPage.java:222)
	at com.qa.testscripts.TC_Flight_01.searchFlights(TC_Flight_01.java:53)
	at java.base/jdk.internal.reflect.NativeMethodAccessorImpl.invoke0(Native Method)
	at java.base/jdk.internal.reflect.NativeMethodAccessorImpl.invoke(NativeMethodAccessorImpl.java:62)
	at java.base/jdk.internal.reflect.DelegatingMethodAccessorImpl.invoke(DelegatingMethodAccessorImpl.java:43)
	at java.base/java.lang.reflect.Method.invoke(Method.java:564)
	at org.testng.internal.MethodInvocationHelper.invokeMethod(MethodInvocationHelper.java:133)
	at org.testng.internal.TestInvoker.invokeMethod(TestInvoker.java:598)
	at org.testng.internal.TestInvoker.invokeTestMethod(TestInvoker.java:173)
	at org.testng.internal.MethodRunner.runInSequence(MethodRunner.java:46)
	at org.testng.internal.TestInvoker$MethodInvocationAgent.invoke(TestInvoker.java:824)
	at org.testng.internal.TestInvoker.invokeTestMethods(TestInvoker.java:146)
	at org.testng.internal.TestMethodWorker.invokeTestMethods(TestMethodWorker.java:146)
	at org.testng.internal.TestMethodWorker.run(TestMethodWorker.java:128)
	at java.base/java.util.ArrayList.forEach(ArrayList.java:1510)
	at org.testng.TestRunner.privateRun(TestRunner.java:794)
	at org.testng.TestRunner.run(TestRunner.java:596)
	at org.testng.SuiteRunner.runTest(SuiteRunner.java:377)
	at org.testng.SuiteRunner.runSequentially(SuiteRunner.java:371)
	at org.testng.SuiteRunner.privateRun(SuiteRunner.java:332)
	at org.testng.SuiteRunner.run(SuiteRunner.java:276)
	at org.testng.SuiteRunnerWorker.runSuite(SuiteRunnerWorker.java:53)
	at org.testng.SuiteRunnerWorker.run(SuiteRunnerWorker.java:96)
	at org.testng.TestNG.runSuitesSequentially(TestNG.java:1212)
	at org.testng.TestNG.runSuitesLocally(TestNG.java:1134)
	at org.testng.TestNG.runSuites(TestNG.java:1063)
	at org.testng.TestNG.run(TestNG.java:1031)
	at org.testng.remote.AbstractRemoteTestNG.run(AbstractRemoteTestNG.java:115)
	at org.testng.remote.RemoteTestNG.initAndRun(RemoteTestNG.java:251)
	at org.testng.remote.RemoteTestNG.main(RemoteTestNG.java:77)
</textarea>
										</td>
									</tr>
									<tr>
										<td>Sep 15, 2021 06:22:11 PM</td>
										<td class='linked' test-id='8'>searchFlights</td>
										<td>
											<textarea disabled class="code-block">org.openqa.selenium.UnhandledAlertException: unexpected alert open: {Alert text : Please fill out origin}
  (Session info: chrome=93.0.4577.82): Please fill out origin
Build info: version: '3.141.59', revision: 'e82be7d358', time: '2018-11-14T08:17:03'
System info: host: 'RAJA', ip: '192.168.36.109', os.name: 'Windows 10', os.arch: 'amd64', os.version: '10.0', java.version: '14.0.1'
Driver info: org.openqa.selenium.chrome.ChromeDriver
Capabilities {acceptInsecureCerts: false, browserName: chrome, browserVersion: 93.0.4577.82, chrome: {chromedriverVersion: 93.0.4577.63 (ff5c0da2ec0ad..., userDataDir: C:\Users\rajar\AppData\Loca...}, goog:chromeOptions: {debuggerAddress: localhost:1448}, javascriptEnabled: true, networkConnectionEnabled: false, pageLoadStrategy: normal, platform: WINDOWS, platformName: WINDOWS, proxy: Proxy(), setWindowRect: true, strictFileInteractability: false, timeouts: {implicit: 0, pageLoad: 300000, script: 30000}, unhandledPromptBehavior: dismiss and notify, webauthn:extension:credBlob: true, webauthn:extension:largeBlob: true, webauthn:virtualAuthenticators: true}
Session ID: 105fb9c08120d0c246231106296594c1
*** Element info: {Using=class name, value=catalog-panel}
	at org.openqa.selenium.remote.http.W3CHttpResponseCodec.decode(W3CHttpResponseCodec.java:120)
	at org.openqa.selenium.remote.http.W3CHttpResponseCodec.decode(W3CHttpResponseCodec.java:49)
	at org.openqa.selenium.remote.HttpCommandExecutor.execute(HttpCommandExecutor.java:158)
	at org.openqa.selenium.remote.service.DriverCommandExecutor.execute(DriverCommandExecutor.java:83)
	at org.openqa.selenium.remote.RemoteWebDriver.execute(RemoteWebDriver.java:552)
	at org.openqa.selenium.remote.RemoteWebDriver.findElement(RemoteWebDriver.java:323)
	at org.openqa.selenium.remote.RemoteWebDriver.findElementByClassName(RemoteWebDriver.java:412)
	at org.openqa.selenium.By$ByClassName.findElement(By.java:389)
	at org.openqa.selenium.remote.RemoteWebDriver.findElement(RemoteWebDriver.java:315)
	at org.openqa.selenium.support.pagefactory.DefaultElementLocator.findElement(DefaultElementLocator.java:69)
	at org.openqa.selenium.support.pagefactory.internal.LocatingElementHandler.invoke(LocatingElementHandler.java:38)
	at com.sun.proxy.$Proxy14.isDisplayed(Unknown Source)
	at com.qa.pages.FlightPage.isCatalogPanelPresenet(FlightPage.java:222)
	at com.qa.testscripts.TC_Flight_01.searchFlights(TC_Flight_01.java:53)
	at java.base/jdk.internal.reflect.NativeMethodAccessorImpl.invoke0(Native Method)
	at java.base/jdk.internal.reflect.NativeMethodAccessorImpl.invoke(NativeMethodAccessorImpl.java:62)
	at java.base/jdk.internal.reflect.DelegatingMethodAccessorImpl.invoke(DelegatingMethodAccessorImpl.java:43)
	at java.base/java.lang.reflect.Method.invoke(Method.java:564)
	at org.testng.internal.MethodInvocationHelper.invokeMethod(MethodInvocationHelper.java:133)
	at org.testng.internal.TestInvoker.invokeMethod(TestInvoker.java:598)
	at org.testng.internal.TestInvoker.invokeTestMethod(TestInvoker.java:173)
	at org.testng.internal.MethodRunner.runInSequence(MethodRunner.java:46)
	at org.testng.internal.TestInvoker$MethodInvocationAgent.invoke(TestInvoker.java:824)
	at org.testng.internal.TestInvoker.invokeTestMethods(TestInvoker.java:146)
	at org.testng.internal.TestMethodWorker.invokeTestMethods(TestMethodWorker.java:146)
	at org.testng.internal.TestMethodWorker.run(TestMethodWorker.java:128)
	at java.base/java.util.ArrayList.forEach(ArrayList.java:1510)
	at org.testng.TestRunner.privateRun(TestRunner.java:794)
	at org.testng.TestRunner.run(TestRunner.java:596)
	at org.testng.SuiteRunner.runTest(SuiteRunner.java:377)
	at org.testng.SuiteRunner.runSequentially(SuiteRunner.java:371)
	at org.testng.SuiteRunner.privateRun(SuiteRunner.java:332)
	at org.testng.SuiteRunner.run(SuiteRunner.java:276)
	at org.testng.SuiteRunnerWorker.runSuite(SuiteRunnerWorker.java:53)
	at org.testng.SuiteRunnerWorker.run(SuiteRunnerWorker.java:96)
	at org.testng.TestNG.runSuitesSequentially(TestNG.java:1212)
	at org.testng.TestNG.runSuitesLocally(TestNG.java:1134)
	at org.testng.TestNG.runSuites(TestNG.java:1063)
	at org.testng.TestNG.run(TestNG.java:1031)
	at org.testng.remote.AbstractRemoteTestNG.run(AbstractRemoteTestNG.java:115)
	at org.testng.remote.RemoteTestNG.initAndRun(RemoteTestNG.java:251)
	at org.testng.remote.RemoteTestNG.main(RemoteTestNG.java:77)
</textarea>
										</td>
									</tr>
								</tbody>
							</table>
						</div>
					</div>
				</li>
			</ul>
		</div>
	</div>
	<div class='subview-right left'>
		<div class='view-summary'>
			<h5 class='exception-name'></h5>
		</div>
	</div>
</div>
<!-- exception view --><div id='dashboard-view' class='view hide'>
	<div class='card-panel transparent np-v'>
		<h5>Dashboard</h5>

		<div class='row'>
			<div class='col s2'>
				<div class='card-panel r'>
					Tests
					<div class='panel-lead'>14</div>
				</div>
			</div>
			<div class='col s2'>
				<div class='card-panel r'>
					Steps
					<div class='panel-lead'>0</div>
				</div>
			</div>
			<div class='col s2'>
				<div class='card-panel r'>
					Start
					<div class='panel-lead'>Sep 15, 2021 06:19:58 PM</div>
				</div>
			</div>
			<div class='col s2'>
				<div class='card-panel r'>
			 		End
			 		<div class='panel-lead'>Sep 15, 2021 06:24:07 PM</div>
				</div>
			</div>
			<div class='col s2'>
				<div class='card-panel r'>
					Time Taken
					<div class='panel-lead'>0h 4m 8s+856ms</div>
				</div>
			</div>
		</div>
	</div>
</div>
<!-- dashboard view -->
<!-- testrunner-logs view -->		</div>
		<!-- container -->
		<script>
			var statusGroup = {
                parentCount: 14,
				passParent: 4,
				failParent: 10,
				fatalParent: 0,
				errorParent: 0,
				warningParent: 0,
				skipParent: 0,
				exceptionsParent: 10,
				childCount: 0,
				passChild: 0,
				failChild: 0,
				fatalChild: 0,
				errorChild: 0,
				warningChild: 0,
				skipChild: 0,
				infoChild: 0,
				debugChild: 0,
				exceptionsChild: 0,
				grandChildCount: 0,
				passGrandChild: 0,
				failGrandChild: 0,
				fatalGrandChild: 0,
				errorGrandChild: 0,
				warningGrandChild: 0,
				skipGrandChild: 0,
				infoGrandChild: 0,
				debugGrandChild: 0,
				exceptionsGrandChild: 0,
			};
		</script>
		<script>
			var timeline = {
			        "signUp":0,"signUp":0,"signUp":0,"login":0,"HotelBooking":0,"searchFlights":0,"searchFlights":0,"searchFlights":0,"tours":0.001,"VisaTestCase":0,"VisaTestCase":0,"blogElement":0,"OfferElement":0,"FooterElements":0
			};
		</script>
		<script src='https://cdn.rawgit.com/extent-framework/extent-github-cdn/c23457b/v3html/js/extent.js' type='text/javascript'></script>
		<script type='text/javascript'>
		</script>
	</body>
</html>